[Thu May 31 10:28:38 2012] [notice] Welcome to Mneme
[Thu May 31 10:28:48 2012] [notice] Welcome Page: Login/Register button clicked
[Thu May 31 10:28:48 2012] [notice] Welcome Page: Login link clicked
[Thu May 31 10:30:34 2012] [notice] Welcome to Mneme
[Thu May 31 10:30:45 2012] [notice] Welcome Page: Login/Register button clicked
[Thu May 31 10:30:45 2012] [notice] Welcome Page: Login link clicked
[Thu May 31 10:31:57 2012] [error] Login failure:cannot access model 'dbarua', server 'vm1-chai2.it.usyd.edu.au'
[Thu May 31 10:33:55 2012] [error] Login failure:cannot access model 'dbarua', server 'vm1-chai2.it.usyd.edu.au'
[Thu May 31 10:46:48 2012] [notice] Welcome to Mneme
[Thu May 31 10:47:26 2012] [notice] Welcome Page: Login/Register button clicked
[Thu May 31 10:47:26 2012] [notice] Welcome Page: Login link clicked
[Thu May 31 10:47:26 2012] [notice] Welcome Page: Login Submit button clicked
[Thu May 31 10:49:50 2012] [notice] Welcome to Mneme
[Thu May 31 10:50:02 2012] [notice] Welcome Page: Login/Register button clicked
[Thu May 31 10:50:02 2012] [notice] Welcome Page: Login link clicked
[Thu May 31 10:50:35 2012] [error] Login failure:cannot access model 'dbarua', server 'vm1-chai2.it.usyd.edu.au'
[Thu May 31 10:53:12 2012] [error] Login failure:cannot access model 'dbarua', server 'vm1-chai2.it.usyd.edu.au'
[Thu May 31 11:10:01 2012] [notice] Welcome to Mneme
[Thu May 31 11:10:12 2012] [notice] Welcome Page: Login/Register button clicked
[Thu May 31 11:10:12 2012] [notice] Welcome Page: Login link clicked
[Thu May 31 11:10:12 2012] [notice] Successful login
[Thu May 31 11:10:13 2012] [notice] Browser Clicked: Operation Successful
[Thu May 31 11:10:38 2012] [notice] Get all subcontext successful
[Thu May 31 11:10:38 2012] [notice] Get all subcontext successful
[Thu May 31 11:10:38 2012] [notice] Get all subcontext successful
[Thu May 31 11:10:39 2012] [notice] Get all subcontext successful
[Thu May 31 11:11:17 2012] [notice] Goals Clicked: Operation Successful
[Thu May 31 11:11:17 2012] [notice] Show goals visualisation
[Thu May 31 11:11:21 2012] [notice] Show unregistered apps list operation successful
[Thu May 31 11:11:23 2012] [notice] Goals Clicked: Operation Successful
[Thu May 31 11:11:23 2012] [notice] Show goals visualisation
[Thu May 31 11:11:27 2012] [notice] Get Goals operation successful
[Thu May 31 11:11:27 2012] [notice] Get Goals operation successful
[Thu May 31 11:11:30 2012] [notice] Browser Clicked: Operation Successful
[Thu May 31 11:13:35 2012] [notice] Browser Clicked: Operation Successful
[Thu May 31 11:14:30 2012] [notice] Browser Clicked: Operation Successful
[Thu May 31 11:14:31 2012] [notice] Show size visualisation
[Thu May 31 11:15:16 2012] [notice] Welcome to Mneme
[Thu May 31 11:15:28 2012] [notice] Welcome Page: Login/Register button clicked
[Thu May 31 11:15:28 2012] [notice] Welcome Page: Login link clicked
[Thu May 31 11:15:28 2012] [notice] Successful login
[Thu May 31 11:15:28 2012] [notice] Browser Clicked: Operation Successful
[Thu May 31 11:15:29 2012] [notice] Show size visualisation
[Wed Jun 06 16:34:29 2012] [notice] Welcome to Mneme
[Wed Jun 06 16:34:40 2012] [notice] Welcome Page: Login/Register button clicked
[Wed Jun 06 16:34:40 2012] [notice] Welcome Page: Login link clicked
[Wed Jun 06 16:34:40 2012] [notice] Successful login
[Wed Jun 06 16:34:40 2012] [notice] Browser Clicked: Operation Successful
[Wed Jun 06 16:34:40 2012] [notice] Show size visualisation
[Wed Jun 06 16:34:43 2012] [notice] Get all subcontext successful
[Wed Jun 06 16:34:43 2012] [notice] Get all subcontext successful
[Wed Jun 06 16:34:43 2012] [notice] Get all subcontext successful
[Wed Jun 06 16:34:44 2012] [notice] Subdirectories Clicked: operation successful
[Wed Jun 06 16:34:46 2012] [notice] Get all subcontext successful
[Wed Jun 06 16:34:46 2012] [notice] Get all subcontext successful
[Wed Jun 06 16:34:46 2012] [notice] Get all subcontext successful
[Wed Jun 06 16:34:46 2012] [notice] Get all subcontext successful
[Wed Jun 06 16:34:49 2012] [notice] Goals Clicked: Operation Successful
[Wed Jun 06 16:34:50 2012] [notice] Show goals visualisation
[Wed Jun 06 16:34:51 2012] [notice] Show unregistered apps list operation successful
[Wed Jun 06 16:34:58 2012] [notice] Goals Clicked: Operation Successful
[Wed Jun 06 16:34:58 2012] [notice] Show goals visualisation
[Wed Jun 06 16:34:59 2012] [notice] Get Goals operation successful
[Wed Jun 06 16:34:59 2012] [notice] Get Goals operation successful
[Thu Jun 07 10:59:56 2012] [notice] Welcome to Mneme
[Thu Jun 07 11:00:21 2012] [notice] Welcome Page: Login/Register button clicked
[Thu Jun 07 11:00:21 2012] [notice] Welcome Page: Login link clicked
[Thu Jun 07 11:00:21 2012] [notice] Successful login
[Thu Jun 07 11:00:22 2012] [notice] Browser Clicked: Operation Successful
[Thu Jun 07 11:00:22 2012] [notice] Show size visualisation
[Thu Jun 07 11:00:35 2012] [notice] Show unregistered apps list operation successful
[Thu Jun 07 11:00:46 2012] [notice] Apps register operation successful
[Thu Jun 07 11:00:46 2012] [notice] Unreg apps Page: Fitbit icon clicked
[Thu Jun 07 11:00:46 2012] [notice] Unreg apps Page: Apps Register button clicked
[Thu Jun 07 11:01:08 2012] [notice] Fitbit authentication operation successful
[Thu Jun 07 11:01:27 2012] [notice] Browser Clicked: Operation Successful
[Thu Jun 07 11:01:28 2012] [notice] Show size visualisation
[Thu Jun 07 12:04:00 2012] [notice] Welcome to Mneme
[Thu Jun 07 12:04:11 2012] [notice] Welcome Page: Login/Register button clicked
[Thu Jun 07 12:04:11 2012] [notice] Welcome Page: Login link clicked
[Thu Jun 07 12:04:11 2012] [notice] Successful login
[Thu Jun 07 12:04:11 2012] [notice] Browser Clicked: Operation Successful
[Thu Jun 07 12:04:12 2012] [notice] Show size visualisation
[Thu Jun 07 12:04:29 2012] [notice] Get all subcontext successful
[Thu Jun 07 12:04:29 2012] [notice] Get all subcontext successful
[Thu Jun 07 12:04:29 2012] [notice] Get all subcontext successful
[Thu Jun 07 12:04:29 2012] [notice] Get all subcontext successful
[Thu Jun 07 12:04:29 2012] [notice] Get all subcontext successful
[Thu Jun 07 12:04:29 2012] [notice] Get all subcontext successful
[Thu Jun 07 12:04:30 2012] [notice] Get all subcontext successful
[Thu Jun 07 12:04:30 2012] [notice] Get all subcontext successful
[Thu Jun 07 12:04:30 2012] [notice] Get all subcontext successful
[Thu Jun 07 12:04:30 2012] [notice] Get all subcontext successful
[Thu Jun 07 12:04:30 2012] [notice] Get all subcontext successful
[Thu Jun 07 12:04:30 2012] [notice] Get all subcontext successful
[Thu Jun 07 12:04:30 2012] [notice] Get all subcontext successful
[Thu Jun 07 12:04:30 2012] [notice] Get all subcontext successful
[Thu Jun 07 12:04:30 2012] [notice] Get all subcontext successful
[Thu Jun 07 12:04:30 2012] [notice] Get all subcontext successful
[Thu Jun 07 12:04:36 2012] [notice] Get all subcontext successful
[Thu Jun 07 12:04:36 2012] [notice] Get all subcontext successful
[Thu Jun 07 12:04:36 2012] [notice] Get all subcontext successful
[Thu Jun 07 12:04:36 2012] [notice] Get all subcontext successful
[Thu Jun 07 12:04:36 2012] [notice] Get all subcontext successful
[Thu Jun 07 12:04:36 2012] [notice] Get all subcontext successful
[Thu Jun 07 12:04:36 2012] [notice] Get all subcontext successful
[Thu Jun 07 12:04:36 2012] [notice] Get all subcontext successful
[Thu Jun 07 12:04:38 2012] [notice] Get all subcontext successful
[Thu Jun 07 12:04:38 2012] [notice] Get all subcontext successful
[Thu Jun 07 12:04:38 2012] [notice] Get all subcontext successful
[Thu Jun 07 12:04:39 2012] [notice] Subdirectories Clicked: operation successful
[Thu Jun 07 12:04:52 2012] [notice] Get all subcontext successful
[Thu Jun 07 12:04:52 2012] [notice] Get all subcontext successful
[Thu Jun 07 12:04:52 2012] [notice] Get all subcontext successful
[Thu Jun 07 12:04:52 2012] [notice] Get all subcontext successful
[Thu Jun 07 12:04:52 2012] [notice] Get all subcontext successful
[Thu Jun 07 12:04:52 2012] [notice] Get all subcontext successful
[Thu Jun 07 12:04:52 2012] [notice] Get all subcontext successful
[Thu Jun 07 12:04:53 2012] [notice] Get all subcontext successful
[Thu Jun 07 12:04:53 2012] [notice] Get all subcontext successful
[Thu Jun 07 12:04:54 2012] [notice] Get all subcontext successful
[Thu Jun 07 12:04:54 2012] [notice] Get all subcontext successful
[Thu Jun 07 12:04:54 2012] [notice] Get all subcontext successful
[Thu Jun 07 12:04:54 2012] [notice] Get all subcontext successful
[Thu Jun 07 12:04:54 2012] [notice] Get all subcontext successful
[Thu Jun 07 14:15:54 2012] [error] Get previous context Operation Failed; Error:WelcomePage instance has no attribute 'personis_um'
[Thu Jun 07 14:15:54 2012] [error] Get previous context Operation Failed; Error:WelcomePage instance has no attribute 'personis_um'
[Thu Jun 07 14:21:50 2012] [error] Get previous context Operation Failed; Error:WelcomePage instance has no attribute 'personis_um'
[Thu Jun 07 14:21:50 2012] [error] Get previous context Operation Failed; Error:WelcomePage instance has no attribute 'personis_um'
[Thu Jun 07 14:21:50 2012] [error] Get previous context Operation Failed; Error:WelcomePage instance has no attribute 'personis_um'
[Thu Jun 07 14:21:50 2012] [error] Get previous context Operation Failed; Error:WelcomePage instance has no attribute 'personis_um'
[Thu Jun 07 14:21:50 2012] [error] Get previous context Operation Failed; Error:WelcomePage instance has no attribute 'personis_um'
[Thu Jun 07 14:21:50 2012] [error] Get previous context Operation Failed; Error:WelcomePage instance has no attribute 'personis_um'
[Thu Jun 07 14:21:50 2012] [error] Get previous context Operation Failed; Error:WelcomePage instance has no attribute 'personis_um'
[Thu Jun 07 14:21:50 2012] [error] Get previous context Operation Failed; Error:WelcomePage instance has no attribute 'personis_um'
[Thu Jun 07 14:21:50 2012] [error] Get previous context Operation Failed; Error:WelcomePage instance has no attribute 'personis_um'
[Thu Jun 07 14:21:50 2012] [error] Get previous context Operation Failed; Error:WelcomePage instance has no attribute 'personis_um'
[Thu Jun 07 14:27:15 2012] [notice] Welcome to Mneme
[Thu Jun 07 14:27:25 2012] [notice] Welcome Page: Login/Register button clicked
[Thu Jun 07 14:27:25 2012] [notice] Welcome Page: Login link clicked
[Thu Jun 07 14:27:25 2012] [notice] Successful login
[Thu Jun 07 14:27:26 2012] [notice] Browser Clicked: Operation Successful
[Thu Jun 07 14:27:26 2012] [notice] Show size visualisation
[Thu Jun 07 14:29:52 2012] [notice] Get all subcontext successful
[Thu Jun 07 14:29:52 2012] [notice] Get all subcontext successful
[Thu Jun 07 15:41:30 2012] [notice] Show goals visualisation
[Thu Jun 07 16:15:32 2012] [notice] Welcome to Mneme
[Thu Jun 07 17:10:06 2012] [notice] Welcome to Mneme
[Fri Jun 08 01:37:53 2012] [notice] Welcome to Mneme
[Fri Jun 08 04:57:26 2012] [notice] Welcome to Mneme
[Fri Jun 08 10:30:49 2012] [notice] Welcome to Mneme
[Fri Jun 08 10:31:59 2012] [notice] Welcome Page: Login link clicked
[Fri Jun 08 10:31:59 2012] [notice] Welcome Page: Login Submit button clicked
[Fri Jun 08 10:31:59 2012] [notice] Successful login
[Fri Jun 08 10:31:59 2012] [notice] Browser Clicked: Operation Successful
[Fri Jun 08 10:32:00 2012] [notice] Welcome Page: Login/Register button clicked
[Fri Jun 08 10:32:03 2012] [notice] Show size visualisation
[Fri Jun 08 10:32:34 2012] [notice] Goals Clicked: Operation Successful
[Fri Jun 08 10:32:35 2012] [notice] Show goals visualisation
[Fri Jun 08 10:33:02 2012] [notice] Show unregistered apps list operation successful
[Fri Jun 08 10:33:10 2012] [notice] Browser Clicked: Operation Successful
[Fri Jun 08 10:33:14 2012] [notice] Show size visualisation
[Fri Jun 08 10:33:27 2012] [notice] Subdirectories Clicked: operation successful
[Fri Jun 08 10:33:38 2012] [notice] Browse subdir Page: Context Fitbit clicked
[Fri Jun 08 10:33:38 2012] [notice] Subdirectories Clicked: operation successful
[Fri Jun 08 10:33:44 2012] [notice] Goals Clicked: Operation Successful
[Fri Jun 08 10:33:46 2012] [notice] Show goals visualisation
[Fri Jun 08 10:33:52 2012] [notice] Get Goals operation successful
[Fri Jun 08 10:33:54 2012] [notice] Get Goals operation successful
[Sat Jun 09 05:04:12 2012] [notice] Welcome to Mneme
[Sat Jun 09 16:01:33 2012] [notice] Show goals visualisation
[Sun Jun 10 03:05:09 2012] [notice] Welcome to Mneme
[Sun Jun 10 05:26:35 2012] [notice] Welcome to Mneme
[Sun Jun 10 14:17:58 2012] [notice] Get previous operation successful
[Sun Jun 10 17:10:10 2012] [error] Show evidence list Operation Failed; Error:Failed to add
[Sun Jun 10 17:46:22 2012] [notice] Welcome to Mneme
[Sun Jun 10 20:08:37 2012] [notice] Show registered apps list operation successful
[Sun Jun 10 20:08:37 2012] [error] Show registered list Operation Failed; Error:"context" not defined
[Mon Jun 11 04:03:31 2012] [error] Login failure:need more than 1 value to unpack
[Mon Jun 11 05:14:05 2012] [notice] Welcome to Mneme
[Mon Jun 11 13:08:39 2012] [error] Login failure:need more than 1 value to unpack
[Mon Jun 11 19:57:46 2012] [error] Login failure:need more than 1 value to unpack
[Tue Jun 12 01:25:01 2012] [error] Login failure:need more than 1 value to unpack
[Tue Jun 12 11:51:29 2012] [notice] Welcome to Mneme
[Tue Jun 12 14:53:38 2012] [notice] Welcome to Mneme
[Tue Jun 12 14:53:39 2012] [notice] Welcome to Mneme
[Tue Jun 12 14:53:51 2012] [notice] Welcome Page: Login/Register button clicked
[Tue Jun 12 14:53:51 2012] [notice] Welcome Page: Login link clicked
[Tue Jun 12 14:53:51 2012] [notice] Successful login
[Tue Jun 12 14:53:52 2012] [notice] Browser Clicked: Operation Successful
[Tue Jun 12 14:53:52 2012] [notice] Show size visualisation
[Tue Jun 12 14:54:02 2012] [notice] Get all subcontext successful
[Tue Jun 12 14:54:02 2012] [notice] Get all subcontext successful
[Tue Jun 12 14:54:02 2012] [notice] Get all subcontext successful
[Tue Jun 12 14:54:02 2012] [notice] Get all subcontext successful
[Tue Jun 12 14:54:02 2012] [notice] Get all subcontext successful
[Tue Jun 12 14:54:03 2012] [notice] Get all subcontext successful
[Tue Jun 12 14:54:03 2012] [notice] Get all subcontext successful
[Tue Jun 12 14:54:03 2012] [notice] Get all subcontext successful
[Tue Jun 12 14:54:03 2012] [notice] Get all subcontext successful
[Tue Jun 12 14:54:03 2012] [notice] Get all subcontext successful
[Tue Jun 12 14:54:03 2012] [notice] Get all subcontext successful
[Tue Jun 12 14:54:04 2012] [notice] Get all subcontext successful
[Tue Jun 12 14:54:04 2012] [notice] Get all subcontext successful
[Tue Jun 12 14:54:04 2012] [notice] Get all subcontext successful
[Tue Jun 12 14:54:04 2012] [notice] Get all subcontext successful
[Tue Jun 12 14:54:04 2012] [notice] Get all subcontext successful
[Tue Jun 12 14:54:04 2012] [notice] Get all subcontext successful
[Tue Jun 12 14:54:04 2012] [notice] Get all subcontext successful
[Tue Jun 12 14:54:04 2012] [notice] Get all subcontext successful
[Tue Jun 12 14:54:04 2012] [notice] Get all subcontext successful
[Tue Jun 12 14:54:05 2012] [notice] Goals Clicked: Operation Successful
[Tue Jun 12 14:54:05 2012] [notice] Show goals visualisation
[Tue Jun 12 14:54:15 2012] [notice] Show goals visualisation
[Tue Jun 12 14:54:20 2012] [notice] Show unregistered apps list operation successful
[Tue Jun 12 14:54:25 2012] [notice] Browser Clicked: Operation Successful
[Tue Jun 12 14:54:25 2012] [notice] Show size visualisation
[Tue Jun 12 14:54:50 2012] [notice] Get all subcontext successful
[Tue Jun 12 14:54:51 2012] [notice] Get all subcontext successful
[Tue Jun 12 14:54:51 2012] [notice] Get all subcontext successful
[Tue Jun 12 14:54:51 2012] [notice] Get all subcontext successful
[Tue Jun 12 14:54:51 2012] [notice] Get all subcontext successful
[Tue Jun 12 14:54:51 2012] [notice] Get all subcontext successful
[Tue Jun 12 14:54:51 2012] [notice] Get all subcontext successful
[Tue Jun 12 14:54:52 2012] [notice] Get all subcontext successful
[Tue Jun 12 14:54:52 2012] [notice] Get all subcontext successful
[Tue Jun 12 14:54:52 2012] [notice] Get all subcontext successful
[Tue Jun 12 14:54:52 2012] [notice] Get all subcontext successful
[Tue Jun 12 14:54:53 2012] [notice] Get all subcontext successful
[Tue Jun 12 14:54:53 2012] [notice] Get all subcontext successful
[Tue Jun 12 14:54:53 2012] [notice] Get all subcontext successful
[Tue Jun 12 14:54:53 2012] [notice] Get all subcontext successful
[Tue Jun 12 14:54:53 2012] [notice] Get all subcontext successful
[Tue Jun 12 14:54:53 2012] [notice] Get all subcontext successful
[Tue Jun 12 14:54:53 2012] [notice] Get all subcontext successful
[Tue Jun 12 14:54:53 2012] [notice] Get all subcontext successful
[Tue Jun 12 14:54:55 2012] [notice] Subdirectories Clicked: operation successful
[Tue Jun 12 14:54:56 2012] [notice] Get all subcontext successful
[Tue Jun 12 14:54:56 2012] [notice] Get all subcontext successful
[Tue Jun 12 14:54:59 2012] [notice] Get all subcontext successful
[Tue Jun 12 14:55:00 2012] [notice] Get all subcontext successful
[Tue Jun 12 14:55:00 2012] [notice] Get all subcontext successful
[Tue Jun 12 14:55:00 2012] [notice] Get all subcontext successful
[Tue Jun 12 14:55:00 2012] [notice] Get all subcontext successful
[Tue Jun 12 14:55:00 2012] [notice] Get all subcontext successful
[Tue Jun 12 14:55:01 2012] [notice] Browser Clicked: Operation Successful
[Tue Jun 12 14:55:01 2012] [notice] Show size visualisation
[Wed Jun 13 05:01:25 2012] [notice] Welcome to Mneme
[Wed Jun 13 16:08:50 2012] [notice] Welcome to Mneme
[Wed Jun 13 16:08:51 2012] [notice] Welcome to Mneme
[Wed Jun 13 16:09:12 2012] [notice] Welcome Page: Login/Register button clicked
[Wed Jun 13 16:09:12 2012] [notice] Welcome Page: Login link clicked
[Wed Jun 13 16:09:12 2012] [notice] Successful login
[Wed Jun 13 16:09:12 2012] [notice] Browser Clicked: Operation Successful
[Wed Jun 13 16:09:13 2012] [notice] Show size visualisation
[Wed Jun 13 16:09:15 2012] [notice] Get all subcontext successful
[Wed Jun 13 16:09:15 2012] [notice] Get all subcontext successful
[Wed Jun 13 16:09:21 2012] [notice] Get all subcontext successful
[Wed Jun 13 16:09:22 2012] [notice] Get all subcontext successful
[Wed Jun 13 16:09:22 2012] [notice] Get all subcontext successful
[Wed Jun 13 16:09:22 2012] [notice] Get all subcontext successful
[Wed Jun 13 16:09:22 2012] [notice] Get all subcontext successful
[Wed Jun 13 16:09:23 2012] [notice] Get all subcontext successful
[Wed Jun 13 16:09:24 2012] [notice] Get all subcontext successful
[Wed Jun 13 16:09:24 2012] [notice] Get all subcontext successful
[Wed Jun 13 16:09:24 2012] [notice] Get all subcontext successful
[Wed Jun 13 16:09:24 2012] [notice] Get all subcontext successful
[Wed Jun 13 16:09:24 2012] [notice] Get all subcontext successful
[Wed Jun 13 16:09:24 2012] [notice] Get all subcontext successful
[Wed Jun 13 16:09:24 2012] [notice] Get all subcontext successful
[Wed Jun 13 16:09:25 2012] [notice] Get all subcontext successful
[Wed Jun 13 16:09:25 2012] [notice] Get all subcontext successful
[Wed Jun 13 16:09:25 2012] [notice] Get all subcontext successful
[Wed Jun 13 16:09:26 2012] [notice] Get all subcontext successful
[Wed Jun 13 16:09:26 2012] [notice] Get all subcontext successful
[Wed Jun 13 16:09:26 2012] [notice] Get all subcontext successful
[Wed Jun 13 16:09:26 2012] [notice] Get all subcontext successful
[Wed Jun 13 16:09:26 2012] [notice] Get all subcontext successful
[Wed Jun 13 16:09:26 2012] [notice] Get all subcontext successful
[Wed Jun 13 16:09:27 2012] [notice] Get all subcontext successful
[Wed Jun 13 16:09:27 2012] [notice] Get all subcontext successful
[Wed Jun 13 16:09:27 2012] [notice] Get all subcontext successful
[Wed Jun 13 16:09:27 2012] [notice] Get all subcontext successful
[Wed Jun 13 16:09:28 2012] [notice] Get all subcontext successful
[Wed Jun 13 16:09:29 2012] [notice] Get all subcontext successful
[Wed Jun 13 16:09:29 2012] [notice] Get all subcontext successful
[Wed Jun 13 16:09:29 2012] [notice] Get all subcontext successful
[Wed Jun 13 16:09:30 2012] [notice] Goals Clicked: Operation Successful
[Wed Jun 13 16:09:30 2012] [notice] Show goals visualisation
[Wed Jun 13 16:09:38 2012] [notice] Show unregistered apps list operation successful
[Wed Jun 13 16:09:46 2012] [notice] Goals Clicked: Operation Successful
[Wed Jun 13 16:09:46 2012] [notice] Show goals visualisation
[Wed Jun 13 16:09:47 2012] [notice] Get Goals operation successful
[Wed Jun 13 16:09:47 2012] [notice] Get Goals operation successful
[Wed Jun 13 16:10:31 2012] [notice] Show unregistered apps list operation successful
[Wed Jun 13 16:10:33 2012] [notice] Show registered apps list operation successful
[Wed Jun 13 16:10:33 2012] [error] Show registered list Operation Failed; Error:"context" not defined
[Wed Jun 13 16:10:38 2012] [notice] Browser Clicked: Operation Successful
[Wed Jun 13 16:10:38 2012] [notice] Show size visualisation
[Wed Jun 13 16:10:39 2012] [notice] Goals Clicked: Operation Successful
[Wed Jun 13 16:10:40 2012] [notice] Show goals visualisation
[Wed Jun 13 16:10:42 2012] [notice] Show unregistered apps list operation successful
[Wed Jun 13 16:11:02 2012] [notice] Browser Clicked: Operation Successful
[Wed Jun 13 16:11:02 2012] [notice] Show size visualisation
[Wed Jun 13 16:11:04 2012] [notice] Goals Clicked: Operation Successful
[Wed Jun 13 16:11:04 2012] [notice] Show goals visualisation
[Wed Jun 13 16:11:06 2012] [notice] Get Goals operation successful
[Wed Jun 13 16:11:06 2012] [notice] Get Goals operation successful
[Wed Jun 13 16:11:29 2012] [notice] Get all subcontext successful
[Wed Jun 13 16:11:29 2012] [notice] Get all subcontext successful
[Wed Jun 13 16:11:30 2012] [notice] Browser Clicked: Operation Successful
[Wed Jun 13 16:11:30 2012] [notice] Show size visualisation
[Wed Jun 13 16:11:31 2012] [notice] Get all subcontext successful
[Wed Jun 13 16:11:31 2012] [notice] Get all subcontext successful
[Wed Jun 13 16:11:31 2012] [notice] Get all subcontext successful
[Wed Jun 13 16:11:31 2012] [notice] Get all subcontext successful
[Wed Jun 13 16:11:31 2012] [notice] Get all subcontext successful
[Wed Jun 13 16:11:32 2012] [notice] Get all subcontext successful
[Wed Jun 13 16:11:32 2012] [notice] Get all subcontext successful
[Wed Jun 13 16:11:32 2012] [notice] Get all subcontext successful
[Wed Jun 13 16:11:32 2012] [notice] Get all subcontext successful
[Wed Jun 13 16:11:33 2012] [notice] Get all subcontext successful
[Wed Jun 13 16:11:33 2012] [notice] Get all subcontext successful
[Wed Jun 13 16:11:33 2012] [notice] Get all subcontext successful
[Wed Jun 13 16:11:33 2012] [notice] Get all subcontext successful
[Wed Jun 13 16:11:33 2012] [notice] Get all subcontext successful
[Wed Jun 13 16:11:33 2012] [notice] Get all subcontext successful
[Wed Jun 13 16:11:34 2012] [notice] Get all subcontext successful
[Wed Jun 13 16:11:34 2012] [notice] Get all subcontext successful
[Wed Jun 13 16:11:34 2012] [notice] Get all subcontext successful
[Wed Jun 13 16:11:34 2012] [notice] Get all subcontext successful
[Wed Jun 13 16:11:34 2012] [notice] Get all subcontext successful
[Wed Jun 13 16:11:34 2012] [notice] Get all subcontext successful
[Wed Jun 13 16:11:34 2012] [notice] Get all subcontext successful
[Wed Jun 13 16:11:34 2012] [notice] Get all subcontext successful
[Wed Jun 13 16:11:35 2012] [notice] Subdirectories Clicked: operation successful
[Wed Jun 13 16:11:36 2012] [notice] Get all subcontext successful
[Wed Jun 13 16:11:36 2012] [notice] Get all subcontext successful
[Wed Jun 13 16:11:41 2012] [notice] Browser Clicked: Operation Successful
[Wed Jun 13 16:11:41 2012] [notice] Show size visualisation
[Wed Jun 13 16:11:45 2012] [notice] Get all subcontext successful
[Wed Jun 13 16:11:45 2012] [notice] Get all subcontext successful
[Wed Jun 13 16:11:45 2012] [notice] Get all subcontext successful
[Wed Jun 13 16:11:45 2012] [notice] Get all subcontext successful
[Wed Jun 13 16:11:55 2012] [notice] Goals Clicked: Operation Successful
[Wed Jun 13 16:11:55 2012] [notice] Show goals visualisation
[Wed Jun 13 16:12:09 2012] [notice] Get all subcontext successful
[Wed Jun 13 16:12:09 2012] [notice] Get all subcontext successful
[Wed Jun 13 16:12:09 2012] [notice] Get all subcontext successful
[Wed Jun 13 16:12:09 2012] [notice] Get all subcontext successful
[Wed Jun 13 16:12:09 2012] [notice] Get all subcontext successful
[Wed Jun 13 16:12:09 2012] [notice] Get all subcontext successful
[Wed Jun 13 16:12:46 2012] [notice] Goals Clicked: Operation Successful
[Wed Jun 13 16:12:55 2012] [notice] Show goals visualisation
[Wed Jun 13 16:13:00 2012] [notice] Get Goals operation successful
[Wed Jun 13 16:13:00 2012] [notice] Get Goals operation successful
[Wed Jun 13 16:14:34 2012] [notice] Get Goals operation successful
[Wed Jun 13 16:14:34 2012] [notice] Get Goals operation successful
[Wed Jun 13 16:16:31 2012] [notice] Goals Clicked: Operation Successful
[Wed Jun 13 16:16:48 2012] [notice] Show goals visualisation
[Wed Jun 13 16:17:36 2012] [notice] Get Goals operation successful
[Wed Jun 13 16:17:36 2012] [notice] Get Goals operation successful
[Wed Jun 13 16:19:35 2012] [notice] Goals Clicked: Operation Successful
[Wed Jun 13 16:19:41 2012] [notice] Show goals visualisation
[Wed Jun 13 16:19:47 2012] [notice] Get Goals operation successful
[Wed Jun 13 16:19:47 2012] [notice] Get Goals operation successful
[Wed Jun 13 16:20:53 2012] [notice] Goals Clicked: Operation Successful
[Wed Jun 13 16:20:55 2012] [notice] Show goals visualisation
[Wed Jun 13 16:20:56 2012] [notice] Get all subcontext successful
[Wed Jun 13 16:20:56 2012] [notice] Get all subcontext successful
[Wed Jun 13 16:20:56 2012] [notice] Get all subcontext successful
[Wed Jun 13 16:20:56 2012] [notice] Get all subcontext successful
[Wed Jun 13 16:20:56 2012] [notice] Get all subcontext successful
[Wed Jun 13 16:20:56 2012] [notice] Get all subcontext successful
[Wed Jun 13 16:20:57 2012] [notice] Get Goals operation successful
[Wed Jun 13 16:20:57 2012] [notice] Get Goals operation successful
[Wed Jun 13 16:21:29 2012] [notice] Goals Clicked: Operation Successful
[Wed Jun 13 16:23:07 2012] [notice] Welcome to Mneme
[Wed Jun 13 16:23:17 2012] [notice] Welcome Page: Login/Register button clicked
[Wed Jun 13 16:23:17 2012] [notice] Welcome Page: Login link clicked
[Wed Jun 13 16:23:17 2012] [notice] Successful login
[Wed Jun 13 16:23:17 2012] [notice] Browser Clicked: Operation Successful
[Wed Jun 13 16:23:17 2012] [notice] Show size visualisation
[Wed Jun 13 16:23:21 2012] [notice] Goals Clicked: Operation Successful
[Wed Jun 13 16:23:22 2012] [notice] Show goals visualisation
[Wed Jun 13 16:23:23 2012] [notice] Get Goals operation successful
[Wed Jun 13 16:23:23 2012] [notice] Get Goals operation successful
[Wed Jun 13 16:24:39 2012] [notice] Goals Clicked: Operation Successful
[Wed Jun 13 17:24:03 2012] [notice] Welcome to Mneme
[Wed Jun 13 18:36:53 2012] [notice] Welcome to Mneme
[Wed Jun 13 18:41:53 2012] [notice] Welcome Page: Login/Register button clicked
[Wed Jun 13 18:41:53 2012] [notice] Welcome Page: Login link clicked
[Wed Jun 13 18:41:53 2012] [notice] Successful login
[Wed Jun 13 18:41:53 2012] [notice] Browser Clicked: Operation Successful
[Wed Jun 13 18:42:04 2012] [notice] Show size visualisation
[Wed Jun 13 18:42:29 2012] [notice] Get all subcontext successful
[Wed Jun 13 18:42:29 2012] [notice] Get all subcontext successful
[Wed Jun 13 18:42:29 2012] [notice] Get all subcontext successful
[Wed Jun 13 18:42:29 2012] [notice] Get all subcontext successful
[Wed Jun 13 18:42:29 2012] [notice] Get all subcontext successful
[Wed Jun 13 18:42:30 2012] [notice] Get all subcontext successful
[Wed Jun 13 18:42:30 2012] [notice] Get all subcontext successful
[Wed Jun 13 18:42:31 2012] [notice] Get all subcontext successful
[Wed Jun 13 18:42:40 2012] [notice] Goals Clicked: Operation Successful
[Wed Jun 13 18:42:44 2012] [notice] Show goals visualisation
[Wed Jun 13 18:44:29 2012] [notice] Get all subcontext successful
[Wed Jun 13 18:44:35 2012] [notice] Get Goals operation successful
[Wed Jun 13 18:46:29 2012] [notice] Welcome to Mneme
[Wed Jun 13 22:30:21 2012] [notice] Welcome to Mneme
[Thu Jun 14 05:08:32 2012] [notice] Welcome to Mneme
[Thu Jun 14 17:49:54 2012] [error] Login failure:need more than 1 value to unpack
[Fri Jun 15 01:53:08 2012] [error] Login failure:need more than 1 value to unpack
[Fri Jun 15 05:10:07 2012] [notice] Welcome to Mneme
[Fri Jun 15 06:14:58 2012] [notice] Browser Clicked: Operation Successful
[Fri Jun 15 06:34:46 2012] [notice] Show size visualisation
[Fri Jun 15 08:07:57 2012] [error] Login failure:need more than 1 value to unpack
[Fri Jun 15 13:26:08 2012] [error] Login failure:need more than 1 value to unpack
[Fri Jun 15 21:18:07 2012] [notice] Show timeline visualisation
[Fri Jun 15 23:15:04 2012] [error] Add new element Operation Failed; Error:Unrecognised Element
[Sat Jun 16 01:11:57 2012] [notice] Get Goals operation successful
[Sat Jun 16 04:52:26 2012] [notice] Welcome to Mneme
[Sun Jun 17 04:50:06 2012] [notice] Welcome to Mneme
[Sun Jun 17 08:51:44 2012] [notice] Goals Clicked: Operation Successful
[Tue Jun 19 04:48:50 2012] [notice] Welcome to Mneme
[Tue Jun 19 12:34:47 2012] [notice] Welcome to Mneme
[Tue Jun 19 12:35:14 2012] [notice] Welcome Page: Login/Register button clicked
[Tue Jun 19 12:35:14 2012] [notice] Welcome Page: Login link clicked
[Tue Jun 19 12:35:15 2012] [notice] Successful login
[Tue Jun 19 12:35:15 2012] [notice] Browser Clicked: Operation Successful
[Tue Jun 19 12:35:15 2012] [notice] Show size visualisation
[Tue Jun 19 12:35:23 2012] [notice] Get all subcontext successful
[Tue Jun 19 12:35:24 2012] [notice] Get all subcontext successful
[Tue Jun 19 12:35:24 2012] [notice] Get all subcontext successful
[Tue Jun 19 12:35:24 2012] [notice] Get all subcontext successful
[Tue Jun 19 12:35:24 2012] [notice] Get all subcontext successful
[Tue Jun 19 12:35:25 2012] [notice] Get all subcontext successful
[Tue Jun 19 12:35:25 2012] [notice] Get all subcontext successful
[Tue Jun 19 12:35:26 2012] [notice] Get all subcontext successful
[Tue Jun 19 12:35:26 2012] [notice] Get all subcontext successful
[Tue Jun 19 12:35:27 2012] [notice] Get all subcontext successful
[Tue Jun 19 12:35:28 2012] [notice] Get all subcontext successful
[Tue Jun 19 12:35:28 2012] [notice] Get all subcontext successful
[Tue Jun 19 12:35:28 2012] [notice] Get all subcontext successful
[Tue Jun 19 12:35:28 2012] [notice] Get all subcontext successful
[Tue Jun 19 12:35:29 2012] [notice] Get all subcontext successful
[Tue Jun 19 12:35:29 2012] [notice] Get all subcontext successful
[Tue Jun 19 12:35:29 2012] [notice] Get all subcontext successful
[Tue Jun 19 12:35:29 2012] [notice] Get all subcontext successful
[Tue Jun 19 12:35:29 2012] [notice] Get all subcontext successful
[Tue Jun 19 12:35:29 2012] [notice] Get all subcontext successful
[Tue Jun 19 12:35:29 2012] [notice] Get all subcontext successful
[Tue Jun 19 12:35:29 2012] [notice] Get all subcontext successful
[Tue Jun 19 12:35:30 2012] [notice] Get all subcontext successful
[Tue Jun 19 12:35:31 2012] [notice] Subdirectories Clicked: operation successful
[Tue Jun 19 12:35:33 2012] [notice] Get all subcontext successful
[Tue Jun 19 12:35:33 2012] [notice] Get all subcontext successful
[Tue Jun 19 12:35:33 2012] [notice] Get all subcontext successful
[Tue Jun 19 12:35:34 2012] [notice] Get all subcontext successful
[Tue Jun 19 12:35:34 2012] [notice] Get all subcontext successful
[Tue Jun 19 12:35:35 2012] [notice] Get all subcontext successful
[Tue Jun 19 12:35:36 2012] [notice] Get all subcontext successful
[Tue Jun 19 12:35:36 2012] [notice] Get all subcontext successful
[Tue Jun 19 12:35:48 2012] [notice] Get all subcontext successful
[Tue Jun 19 12:35:50 2012] [notice] Get all subcontext successful
[Tue Jun 19 12:35:50 2012] [notice] Get all subcontext successful
[Tue Jun 19 12:35:50 2012] [notice] Get all subcontext successful
[Tue Jun 19 12:35:50 2012] [notice] Get all subcontext successful
[Tue Jun 19 12:35:51 2012] [notice] Get all subcontext successful
[Tue Jun 19 12:35:51 2012] [notice] Get all subcontext successful
[Tue Jun 19 12:35:52 2012] [notice] Get all subcontext successful
[Tue Jun 19 12:35:53 2012] [notice] Get all subcontext successful
[Tue Jun 19 12:35:55 2012] [notice] Get all subcontext successful
[Tue Jun 19 12:35:55 2012] [notice] Get all subcontext successful
[Tue Jun 19 12:35:55 2012] [notice] Get all subcontext successful
[Tue Jun 19 12:35:55 2012] [notice] Get all subcontext successful
[Tue Jun 19 12:35:55 2012] [notice] Get all subcontext successful
[Tue Jun 19 12:35:55 2012] [notice] Get all subcontext successful
[Tue Jun 19 12:35:56 2012] [notice] Get all subcontext successful
[Tue Jun 19 12:35:56 2012] [notice] Get all subcontext successful
[Tue Jun 19 12:35:56 2012] [notice] Get all subcontext successful
[Tue Jun 19 12:35:56 2012] [notice] Get all subcontext successful
[Tue Jun 19 12:35:56 2012] [notice] Get all subcontext successful
[Tue Jun 19 12:35:57 2012] [notice] Browser Clicked: Operation Successful
[Tue Jun 19 12:35:57 2012] [notice] Show size visualisation
[Tue Jun 19 12:36:34 2012] [notice] Get all subcontext successful
[Tue Jun 19 12:36:34 2012] [notice] Get all subcontext successful
[Tue Jun 19 12:36:34 2012] [notice] Get all subcontext successful
[Tue Jun 19 12:36:36 2012] [notice] Goals Clicked: Operation Successful
[Tue Jun 19 12:36:36 2012] [notice] Show goals visualisation
[Tue Jun 19 12:36:38 2012] [notice] Get Goals operation successful
[Tue Jun 19 12:37:14 2012] [notice] Show unregistered apps list operation successful
[Tue Jun 19 16:20:39 2012] [notice] Welcome to Mneme
[Tue Jun 19 16:46:48 2012] [notice] Welcome to Mneme
[Tue Jun 19 16:46:58 2012] [notice] Welcome Page: Login/Register button clicked
[Tue Jun 19 16:46:58 2012] [notice] Welcome Page: Login link clicked
[Tue Jun 19 16:46:58 2012] [notice] Successful login
[Tue Jun 19 16:46:58 2012] [notice] Browser Clicked: Operation Successful
[Tue Jun 19 16:46:59 2012] [notice] Show size visualisation
[Tue Jun 19 16:48:19 2012] [notice] Get all subcontext successful
[Tue Jun 19 16:48:19 2012] [notice] Get all subcontext successful
[Tue Jun 19 16:48:19 2012] [notice] Get all subcontext successful
[Tue Jun 19 16:48:19 2012] [notice] Get all subcontext successful
[Tue Jun 19 16:48:20 2012] [notice] Browser Clicked: Operation Successful
[Tue Jun 19 16:48:26 2012] [notice] Show size visualisation
[Tue Jun 19 16:49:56 2012] [notice] Get all subcontext successful
[Tue Jun 19 16:49:56 2012] [notice] Get all subcontext successful
[Tue Jun 19 16:49:56 2012] [notice] Get all subcontext successful
[Tue Jun 19 16:49:56 2012] [notice] Get all subcontext successful
[Tue Jun 19 16:49:56 2012] [notice] Get all subcontext successful
[Tue Jun 19 16:49:56 2012] [notice] Get all subcontext successful
[Tue Jun 19 16:51:34 2012] [notice] Get all subcontext successful
[Tue Jun 19 16:51:35 2012] [notice] Get all subcontext successful
[Tue Jun 19 16:51:35 2012] [notice] Get all subcontext successful
[Tue Jun 19 16:51:35 2012] [notice] Get all subcontext successful
[Tue Jun 19 16:51:35 2012] [notice] Get all subcontext successful
[Tue Jun 19 16:51:35 2012] [notice] Get all subcontext successful
[Tue Jun 19 16:51:36 2012] [notice] Browser Clicked: Operation Successful
[Tue Jun 19 16:51:39 2012] [notice] Show size visualisation
[Tue Jun 19 16:59:11 2012] [notice] Get all subcontext successful
[Tue Jun 19 16:59:11 2012] [notice] Get all subcontext successful
[Tue Jun 19 16:59:11 2012] [notice] Get all subcontext successful
[Tue Jun 19 16:59:11 2012] [notice] Get all subcontext successful
[Tue Jun 19 16:59:13 2012] [notice] Browser Clicked: Operation Successful
[Tue Jun 19 16:59:18 2012] [notice] Show size visualisation
[Tue Jun 19 16:59:33 2012] [notice] Get all subcontext successful
[Tue Jun 19 16:59:33 2012] [notice] Get all subcontext successful
[Tue Jun 19 16:59:33 2012] [notice] Get all subcontext successful
[Tue Jun 19 16:59:33 2012] [notice] Get all subcontext successful
[Tue Jun 19 17:00:11 2012] [notice] Get all subcontext successful
[Tue Jun 19 17:00:11 2012] [notice] Get all subcontext successful
[Tue Jun 19 17:00:12 2012] [notice] Browser Clicked: Operation Successful
[Tue Jun 19 17:00:28 2012] [notice] Show size visualisation
[Tue Jun 19 17:01:14 2012] [notice] Get all subcontext successful
[Tue Jun 19 17:01:14 2012] [notice] Get all subcontext successful
[Tue Jun 19 17:01:14 2012] [notice] Get all subcontext successful
[Tue Jun 19 17:01:14 2012] [notice] Get all subcontext successful
[Tue Jun 19 17:01:15 2012] [notice] Browser Clicked: Operation Successful
[Tue Jun 19 17:01:28 2012] [notice] Show size visualisation
[Tue Jun 19 17:04:43 2012] [notice] Browser Clicked: Operation Successful
[Tue Jun 19 17:04:48 2012] [notice] Show size visualisation
[Tue Jun 19 17:04:59 2012] [notice] Browser Clicked: Operation Successful
[Tue Jun 19 17:05:05 2012] [notice] Show size visualisation
[Tue Jun 19 17:07:44 2012] [notice] Get all subcontext successful
[Tue Jun 19 17:07:44 2012] [notice] Get all subcontext successful
[Tue Jun 19 17:07:44 2012] [notice] Get all subcontext successful
[Tue Jun 19 17:07:44 2012] [notice] Get all subcontext successful
[Tue Jun 19 17:07:44 2012] [notice] Get all subcontext successful
[Tue Jun 19 17:07:44 2012] [notice] Get all subcontext successful
[Tue Jun 19 17:07:44 2012] [notice] Get all subcontext successful
[Tue Jun 19 17:07:44 2012] [notice] Get all subcontext successful
[Tue Jun 19 17:07:44 2012] [notice] Get all subcontext successful
[Tue Jun 19 17:07:44 2012] [notice] Get all subcontext successful
[Tue Jun 19 17:07:45 2012] [notice] Browser Clicked: Operation Successful
[Tue Jun 19 17:07:51 2012] [notice] Show size visualisation
[Tue Jun 19 17:08:15 2012] [notice] Browser Clicked: Operation Successful
[Tue Jun 19 17:08:17 2012] [notice] Show size visualisation
[Tue Jun 19 17:10:27 2012] [notice] Get all subcontext successful
[Tue Jun 19 17:10:27 2012] [notice] Get all subcontext successful
[Tue Jun 19 17:10:27 2012] [notice] Get all subcontext successful
[Tue Jun 19 17:10:27 2012] [notice] Get all subcontext successful
[Tue Jun 19 17:10:28 2012] [notice] Browser Clicked: Operation Successful
[Tue Jun 19 17:10:34 2012] [notice] Show size visualisation
[Tue Jun 19 17:10:52 2012] [notice] Browser Clicked: Operation Successful
[Tue Jun 19 17:10:56 2012] [notice] Show size visualisation
[Tue Jun 19 17:11:24 2012] [notice] Get all subcontext successful
[Tue Jun 19 17:11:24 2012] [notice] Get all subcontext successful
[Tue Jun 19 17:11:24 2012] [notice] Get all subcontext successful
[Tue Jun 19 17:11:24 2012] [notice] Get all subcontext successful
[Tue Jun 19 17:11:26 2012] [notice] Get all subcontext successful
[Tue Jun 19 17:11:26 2012] [notice] Get all subcontext successful
[Tue Jun 19 17:11:26 2012] [notice] Get all subcontext successful
[Tue Jun 19 17:11:26 2012] [notice] Get all subcontext successful
[Tue Jun 19 17:11:26 2012] [notice] Get all subcontext successful
[Tue Jun 19 17:11:26 2012] [notice] Get all subcontext successful
[Tue Jun 19 17:11:43 2012] [notice] Welcome to Mneme
[Tue Jun 19 17:11:53 2012] [notice] Welcome Page: Login/Register button clicked
[Tue Jun 19 17:11:53 2012] [notice] Welcome Page: Login link clicked
[Tue Jun 19 17:11:53 2012] [notice] Successful login
[Tue Jun 19 17:11:53 2012] [notice] Browser Clicked: Operation Successful
[Tue Jun 19 17:11:53 2012] [notice] Show size visualisation
[Tue Jun 19 22:18:07 2012] [notice] Get all subcontext successful
[Wed Jun 20 10:41:18 2012] [notice] Welcome to Mneme
[Wed Jun 20 10:57:50 2012] [notice] Welcome to Mneme
[Wed Jun 20 10:58:00 2012] [notice] Welcome Page: Login/Register button clicked
[Wed Jun 20 10:58:00 2012] [notice] Welcome Page: Login link clicked
[Wed Jun 20 10:58:00 2012] [notice] Successful login
[Wed Jun 20 10:58:00 2012] [notice] Browser Clicked: Operation Successful
[Wed Jun 20 10:58:01 2012] [notice] Show size visualisation
[Wed Jun 20 10:59:24 2012] [notice] Get all subcontext successful
[Wed Jun 20 10:59:24 2012] [notice] Get all subcontext successful
[Wed Jun 20 10:59:24 2012] [notice] Get all subcontext successful
[Wed Jun 20 10:59:24 2012] [notice] Get all subcontext successful
[Wed Jun 20 10:59:25 2012] [notice] Browser Clicked: Operation Successful
[Wed Jun 20 10:59:26 2012] [notice] Show size visualisation
[Wed Jun 20 10:59:52 2012] [notice] Get all subcontext successful
[Wed Jun 20 10:59:52 2012] [notice] Get all subcontext successful
[Wed Jun 20 10:59:52 2012] [notice] Get all subcontext successful
[Wed Jun 20 10:59:52 2012] [notice] Get all subcontext successful
[Wed Jun 20 10:59:52 2012] [notice] Get all subcontext successful
[Wed Jun 20 10:59:52 2012] [notice] Get all subcontext successful
[Wed Jun 20 11:12:51 2012] [notice] Browser Clicked: Operation Successful
[Wed Jun 20 11:12:52 2012] [notice] Show size visualisation
[Wed Jun 20 11:13:05 2012] [notice] Get all subcontext successful
[Wed Jun 20 11:13:05 2012] [notice] Get all subcontext successful
[Wed Jun 20 11:13:06 2012] [notice] Get all subcontext successful
[Wed Jun 20 11:13:06 2012] [notice] Get all subcontext successful
[Wed Jun 20 11:13:06 2012] [notice] Get all subcontext successful
[Wed Jun 20 11:13:06 2012] [notice] Get all subcontext successful
[Wed Jun 20 11:13:06 2012] [notice] Browser Clicked: Operation Successful
[Wed Jun 20 11:13:07 2012] [notice] Show size visualisation
[Wed Jun 20 11:13:07 2012] [notice] Get all subcontext successful
[Wed Jun 20 11:13:07 2012] [notice] Get all subcontext successful
[Wed Jun 20 11:13:07 2012] [notice] Get all subcontext successful
[Wed Jun 20 11:13:07 2012] [notice] Get all subcontext successful
[Wed Jun 20 11:13:20 2012] [notice] Browser Clicked: Operation Successful
[Wed Jun 20 11:13:21 2012] [notice] Show size visualisation
[Wed Jun 20 11:29:41 2012] [notice] Browser Clicked: Operation Successful
[Wed Jun 20 11:29:42 2012] [notice] Show size visualisation
[Wed Jun 20 11:32:16 2012] [notice] Get all subcontext successful
[Wed Jun 20 11:32:16 2012] [notice] Get all subcontext successful
[Wed Jun 20 11:32:16 2012] [notice] Get all subcontext successful
[Wed Jun 20 11:32:16 2012] [notice] Get all subcontext successful
[Wed Jun 20 11:32:16 2012] [notice] Get all subcontext successful
[Wed Jun 20 11:32:16 2012] [notice] Get all subcontext successful
[Wed Jun 20 11:32:16 2012] [notice] Get all subcontext successful
[Wed Jun 20 11:32:16 2012] [notice] Get all subcontext successful
[Wed Jun 20 11:32:16 2012] [notice] Get all subcontext successful
[Wed Jun 20 11:32:16 2012] [notice] Get all subcontext successful
[Wed Jun 20 11:32:16 2012] [notice] Get all subcontext successful
[Wed Jun 20 11:32:16 2012] [notice] Get all subcontext successful
[Wed Jun 20 11:32:17 2012] [notice] Get all subcontext successful
[Wed Jun 20 11:32:17 2012] [notice] Get all subcontext successful
[Wed Jun 20 11:32:17 2012] [notice] Get all subcontext successful
[Wed Jun 20 11:32:17 2012] [notice] Get all subcontext successful
[Wed Jun 20 13:23:55 2012] [notice] Get all subcontext successful
[Wed Jun 20 13:23:55 2012] [notice] Get all subcontext successful
[Wed Jun 20 13:23:56 2012] [notice] Browser Clicked: Operation Successful
[Wed Jun 20 13:23:57 2012] [notice] Show size visualisation
[Wed Jun 20 18:36:44 2012] [notice] Welcome to Mneme
[Thu Jun 21 05:00:21 2012] [notice] Welcome to Mneme
[Fri Jun 22 16:13:51 2012] [notice] Welcome to Mneme
[Fri Jun 22 16:18:51 2012] [notice] Welcome to Mneme
[Fri Jun 22 16:19:45 2012] [notice] Welcome to Mneme
[Fri Jun 22 16:22:10 2012] [notice] Welcome to Mneme
[Fri Jun 22 16:22:14 2012] [notice] Welcome to Mneme
[Fri Jun 22 16:30:20 2012] [notice] Welcome to Mneme
[Fri Jun 22 16:32:34 2012] [notice] Welcome to Mneme
[Fri Jun 22 16:35:42 2012] [notice] Welcome to Mneme
[Fri Jun 22 16:38:04 2012] [notice] Welcome to Mneme
[Fri Jun 22 16:44:06 2012] [notice] Welcome to Mneme
[Fri Jun 22 16:44:16 2012] [notice] Browser Clicked: Operation Successful
[Fri Jun 22 16:44:25 2012] [notice] Get all subcontext successful
[Fri Jun 22 16:44:32 2012] [notice] Get all subcontext successful
[Fri Jun 22 16:44:33 2012] [notice] Get all subcontext successful
[Fri Jun 22 16:44:34 2012] [notice] Get all subcontext successful
[Fri Jun 22 16:44:34 2012] [notice] Get all subcontext successful
[Fri Jun 22 16:44:35 2012] [notice] Get all subcontext successful
[Fri Jun 22 16:44:35 2012] [notice] Get all subcontext successful
[Fri Jun 22 16:44:36 2012] [notice] Get all subcontext successful
[Mon Jun 25 14:33:17 2012] [notice] Welcome to Mneme
[Mon Jun 25 14:45:37 2012] [notice] Welcome to Mneme
[Mon Jun 25 14:51:16 2012] [notice] Browser Clicked: Operation Successful
[Mon Jun 25 15:44:25 2012] [notice] Welcome to Mneme
