#
# A fatal error has been detected by the Java Runtime Environment:
#
#  SIGSEGV (0xb) at pc=0x00007f214467785e, pid=28704, tid=139780987463424
#
# JRE version: 6.0_20-b20
# Java VM: OpenJDK 64-Bit Server VM (19.0-b09 mixed mode linux-amd64 compressed oops)
# Derivative: IcedTea6 1.9.13
# Distribution: Ubuntu 10.10, package 6b20-1.9.13-0ubuntu1~10.10.1
# Problematic frame:
# C  [libgdk-x11-2.0.so.0+0x6f85e]  gdk_window_enable_synchronized_configure+0xe
#
# If you would like to submit a bug report, please include
# instructions how to reproduce the bug and visit:
#   https://bugs.launchpad.net/ubuntu/+source/openjdk-6/
# The crash happened outside the Java Virtual Machine in native code.
# See problematic frame for where to report the bug.
#

---------------  T H R E A D  ---------------

Current thread (0x0000000002139800):  JavaThread "main" [_thread_in_native, id=28705, stack(0x00007f214c0aa000,0x00007f214c1ab000)]

siginfo:si_signo=SIGSEGV: si_errno=0, si_code=1 (SEGV_MAPERR), si_addr=0x0000000000000018

Registers:
RAX=0x0000000000000000, RBX=0x000000000239b000, RCX=0x00007f214c1aa700, RDX=0x0000000000000000
RSP=0x00007f214c1a8c00, RBP=0x000000000239b0f0, RSI=0x0000000000000000, RDI=0x0000000000000000
R8 =0x0000000002395130, R9 =0x0000000000000001, R10=0x00007f214c1a89a0, R11=0x00007f2144677850
R12=0x00007f214c1a8c50, R13=0x0000000000000000, R14=0x0000000000000260, R15=0x0000000000000000
RIP=0x00007f214467785e, EFL=0x0000000000010206, CSGSFS=0x0000000000000033, ERR=0x0000000000000004
  TRAPNO=0x000000000000000e

Register to memory mapping:

RAX=0x0000000000000000
0x0000000000000000 is pointing to unknown location

RBX=0x000000000239b000
0x000000000239b000 is pointing to unknown location

RCX=0x00007f214c1aa700
0x00007f214c1aa700 is pointing into the stack for thread: 0x0000000002139800
"main" prio=10 tid=0x0000000002139800 nid=0x7021 runnable [0x00007f214c1a9000]
   java.lang.Thread.State: RUNNABLE

RDX=0x0000000000000000
0x0000000000000000 is pointing to unknown location

RSP=0x00007f214c1a8c00
0x00007f214c1a8c00 is pointing into the stack for thread: 0x0000000002139800
"main" prio=10 tid=0x0000000002139800 nid=0x7021 runnable [0x00007f214c1a9000]
   java.lang.Thread.State: RUNNABLE

RBP=0x000000000239b0f0
0x000000000239b0f0 is pointing to unknown location

RSI=0x0000000000000000
0x0000000000000000 is pointing to unknown location

RDI=0x0000000000000000
0x0000000000000000 is pointing to unknown location

R8 =0x0000000002395130
0x0000000002395130 is pointing to unknown location

R9 =0x0000000000000001
0x0000000000000001 is pointing to unknown location

R10=0x00007f214c1a89a0
0x00007f214c1a89a0 is pointing into the stack for thread: 0x0000000002139800
"main" prio=10 tid=0x0000000002139800 nid=0x7021 runnable [0x00007f214c1a9000]
   java.lang.Thread.State: RUNNABLE

R11=0x00007f2144677850
0x00007f2144677850: gdk_window_enable_synchronized_configure+0 in /usr/lib/libgdk-x11-2.0.so.0 at 0x00007f2144608000

R12=0x00007f214c1a8c50
0x00007f214c1a8c50 is pointing into the stack for thread: 0x0000000002139800
"main" prio=10 tid=0x0000000002139800 nid=0x7021 runnable [0x00007f214c1a9000]
   java.lang.Thread.State: RUNNABLE

R13=0x0000000000000000
0x0000000000000000 is pointing to unknown location

R14=0x0000000000000260
0x0000000000000260 is pointing to unknown location

R15=0x0000000000000000
0x0000000000000000 is pointing to unknown location


Top of Stack: (sp=0x00007f214c1a8c00)
0x00007f214c1a8c00:   0000000000000001 000000000239b000
0x00007f214c1a8c10:   000000000239b0f0 00007f2140299c89
0x00007f214c1a8c20:   0000000000000001 00007f214c1a8e00
0x00007f214c1a8c30:   0000000000000000 00007f21402824d6
0x00007f214c1a8c40:   000000000239f810 00007f2140287245
0x00007f214c1a8c50:   0000000000000000 000000000000fc02
0x00007f214c1a8c60:   000001c74c1a90e0 0000000000000127
0x00007f214c1a8c70:   0000000000000000 0000000000000000
0x00007f214c1a8c80:   0000000000000001 00007f21402824d6
0x00007f214c1a8c90:   0000000002399600 0000000002399530
0x00007f214c1a8ca0:   0000000000000001 00007f2145002c05
0x00007f214c1a8cb0:   0000000002221c20 00007f2140299ac0
0x00007f214c1a8cc0:   0000000002221c20 00007f2145002c05
0x00007f214c1a8cd0:   0000000002228b80 0000000000000000
0x00007f214c1a8ce0:   0000000002221c20 0000000000000001
0x00007f214c1a8cf0:   00007f214c1a8e30 00007f2144fdda6e
0x00007f214c1a8d00:   0000000040008002 00007f214bfa5644
0x00007f214c1a8d10:   0000000002441340 0000000000000000
0x00007f214c1a8d20:   0000000000008001 00000000022832c0
0x00007f214c1a8d30:   0000000040008002 00007f214bb70c70
0x00007f214c1a8d40:   00007f2144dc8788 00000000022832c0
0x00007f214c1a8d50:   0000000000000000 0000000002284790
0x00007f214c1a8d60:   0000000000000000 00007f214bb70c70
0x00007f214c1a8d70:   00007f2144dc8788 0000000000000001
0x00007f214c1a8d80:   00000000023995d8 00007f2144ff36b1
0x00007f214c1a8d90:   000000004c1a8f18 0000002000000000
0x00007f214c1a8da0:   00000000023995d8 00007f214c1a8e50
0x00007f214c1a8db0:   00007f214c1a8e30 0000000002221c20
0x00007f214c1a8dc0:   00000000022832c0 0000000000000000
0x00007f214c1a8dd0:   00007f214c1a8e70 000000000239b000
0x00007f214c1a8de0:   0100000000000000 000000000000000b
0x00007f214c1a8df0:   0000000002284790 0000000002228b80 

Instructions: (pc=0x00007f214467785e)
0x00007f214467784e:   90 90 48 89 6c 24 f8 48 89 5c 24 f0 48 83 ec 18
0x00007f214467785e:   48 8b 5f 18 48 89 fd e8 16 ff ff ff 48 85 db 74 

Stack: [0x00007f214c0aa000,0x00007f214c1ab000],  sp=0x00007f214c1a8c00,  free space=1019k
Native frames: (J=compiled Java code, j=interpreted, Vv=VM code, C=native code)
C  [libgdk-x11-2.0.so.0+0x6f85e]  gdk_window_enable_synchronized_configure+0xe

Java frames: (J=compiled Java code, j=interpreted, Vv=VM code)
j  org.eclipse.equinox.launcher.JNIBridge._show_splash(Ljava/lang/String;)V+0
j  org.eclipse.equinox.launcher.JNIBridge.showSplash(Ljava/lang/String;)Z+2
j  org.eclipse.equinox.launcher.JNIBridge.showSplash(Ljava/lang/String;)Z+21
j  org.eclipse.equinox.launcher.Main.handleSplash([Ljava/net/URL;)V+139
j  org.eclipse.equinox.launcher.Main.basicRun([Ljava/lang/String;)V+104
j  org.eclipse.equinox.launcher.Main.run([Ljava/lang/String;)I+4
j  org.eclipse.equinox.launcher.Main.main([Ljava/lang/String;)V+10
v  ~StubRoutines::call_stub

---------------  P R O C E S S  ---------------

Java Threads: ( => current thread )
  0x00000000021d0000 JavaThread "Low Memory Detector" daemon [_thread_blocked, id=28712, stack(0x00007f214552b000,0x00007f214562c000)]
  0x00000000021cb000 JavaThread "CompilerThread1" daemon [_thread_blocked, id=28711, stack(0x00007f214562c000,0x00007f214572d000)]
  0x00000000021c9000 JavaThread "CompilerThread0" daemon [_thread_blocked, id=28710, stack(0x00007f214572d000,0x00007f214582e000)]
  0x00000000021ba800 JavaThread "Signal Dispatcher" daemon [_thread_blocked, id=28709, stack(0x00007f214582e000,0x00007f214592f000)]
  0x00000000021a8800 JavaThread "Finalizer" daemon [_thread_blocked, id=28708, stack(0x00007f2145bd3000,0x00007f2145cd4000)]
  0x00000000021a1000 JavaThread "Reference Handler" daemon [_thread_blocked, id=28707, stack(0x00007f2145cd4000,0x00007f2145dd5000)]
=>0x0000000002139800 JavaThread "main" [_thread_in_native, id=28705, stack(0x00007f214c0aa000,0x00007f214c1ab000)]

Other Threads:
  0x000000000219a000 VMThread [stack: 0x00007f2145dd5000,0x00007f2145ed6000] [id=28706]
  0x00000000021d3000 WatcherThread [stack: 0x00007f214542a000,0x00007f214552b000] [id=28713]

VM state:not at safepoint (normal execution)

VM Mutex/Monitor currently owned by a thread: None

Heap
 def new generation   total 39296K, used 1397K [0x00000000d0000000, 0x00000000d2aa0000, 0x00000000daaa0000)
  eden space 34944K,   4% used [0x00000000d0000000, 0x00000000d015d798, 0x00000000d2220000)
  from space 4352K,   0% used [0x00000000d2220000, 0x00000000d2220000, 0x00000000d2660000)
  to   space 4352K,   0% used [0x00000000d2660000, 0x00000000d2660000, 0x00000000d2aa0000)
 tenured generation   total 87424K, used 0K [0x00000000daaa0000, 0x00000000e0000000, 0x00000000f0000000)
   the space 87424K,   0% used [0x00000000daaa0000, 0x00000000daaa0000, 0x00000000daaa0200, 0x00000000e0000000)
 compacting perm gen  total 21248K, used 3644K [0x00000000f0000000, 0x00000000f14c0000, 0x0000000100000000)
   the space 21248K,  17% used [0x00000000f0000000, 0x00000000f038f2b8, 0x00000000f038f400, 0x00000000f14c0000)
No shared spaces configured.

Dynamic libraries:
00400000-00409000 r-xp 00000000 fc:01 549223                             /usr/lib/jvm/java-6-openjdk/jre/bin/java
00608000-00609000 r--p 00008000 fc:01 549223                             /usr/lib/jvm/java-6-openjdk/jre/bin/java
00609000-0060a000 rw-p 00009000 fc:01 549223                             /usr/lib/jvm/java-6-openjdk/jre/bin/java
02130000-02557000 rw-p 00000000 00:00 0                                  [heap]
d0000000-d2aa0000 rw-p 00000000 00:00 0 
d2aa0000-daaa0000 rw-p 00000000 00:00 0 
daaa0000-e0000000 rw-p 00000000 00:00 0 
e0000000-f0000000 rw-p 00000000 00:00 0 
f0000000-f14c0000 rw-p 00000000 00:00 0 
f14c0000-100000000 rw-p 00000000 00:00 0 
7f213fba7000-7f213fc0a000 rw-p 00000000 00:00 0 
7f213fc0a000-7f213fc0d000 r-xp 00000000 fc:01 407448                     /usr/lib/gdk-pixbuf-2.0/2.10.0/loaders/libpixbufloader-bmp.so
7f213fc0d000-7f213fe0d000 ---p 00003000 fc:01 407448                     /usr/lib/gdk-pixbuf-2.0/2.10.0/loaders/libpixbufloader-bmp.so
7f213fe0d000-7f213fe0e000 r--p 00003000 fc:01 407448                     /usr/lib/gdk-pixbuf-2.0/2.10.0/loaders/libpixbufloader-bmp.so
7f213fe0e000-7f213fe0f000 rw-p 00004000 fc:01 407448                     /usr/lib/gdk-pixbuf-2.0/2.10.0/loaders/libpixbufloader-bmp.so
7f213fe0f000-7f213fe2c000 r-xp 00000000 fc:01 407382                     /usr/lib/libatk-1.0.so.0.3209.1
7f213fe2c000-7f214002c000 ---p 0001d000 fc:01 407382                     /usr/lib/libatk-1.0.so.0.3209.1
7f214002c000-7f214002e000 r--p 0001d000 fc:01 407382                     /usr/lib/libatk-1.0.so.0.3209.1
7f214002e000-7f214002f000 rw-p 0001f000 fc:01 407382                     /usr/lib/libatk-1.0.so.0.3209.1
7f214002f000-7f2140441000 r-xp 00000000 fc:01 407674                     /usr/lib/libgtk-x11-2.0.so.0.2200.0
7f2140441000-7f2140640000 ---p 00412000 fc:01 407674                     /usr/lib/libgtk-x11-2.0.so.0.2200.0
7f2140640000-7f2140647000 r--p 00411000 fc:01 407674                     /usr/lib/libgtk-x11-2.0.so.0.2200.0
7f2140647000-7f214064b000 rw-p 00418000 fc:01 407674                     /usr/lib/libgtk-x11-2.0.so.0.2200.0
7f214064b000-7f214064d000 rw-p 00000000 00:00 0 
7f214064d000-7f2140652000 r-xp 00000000 fc:01 405161                     /usr/lib/libXdmcp.so.6.0.0
7f2140652000-7f2140851000 ---p 00005000 fc:01 405161                     /usr/lib/libXdmcp.so.6.0.0
7f2140851000-7f2140852000 r--p 00004000 fc:01 405161                     /usr/lib/libXdmcp.so.6.0.0
7f2140852000-7f2140853000 rw-p 00005000 fc:01 405161                     /usr/lib/libXdmcp.so.6.0.0
7f2140853000-7f2140855000 r-xp 00000000 fc:01 405159                     /usr/lib/libXau.so.6.0.0
7f2140855000-7f2140a54000 ---p 00002000 fc:01 405159                     /usr/lib/libXau.so.6.0.0
7f2140a54000-7f2140a55000 r--p 00001000 fc:01 405159                     /usr/lib/libXau.so.6.0.0
7f2140a55000-7f2140a56000 rw-p 00002000 fc:01 405159                     /usr/lib/libXau.so.6.0.0
7f2140a56000-7f2140a71000 r-xp 00000000 fc:01 405163                     /usr/lib/libxcb.so.1.1.0
7f2140a71000-7f2140c71000 ---p 0001b000 fc:01 405163                     /usr/lib/libxcb.so.1.1.0
7f2140c71000-7f2140c72000 r--p 0001b000 fc:01 405163                     /usr/lib/libxcb.so.1.1.0
7f2140c72000-7f2140c73000 rw-p 0001c000 fc:01 405163                     /usr/lib/libxcb.so.1.1.0
7f2140c73000-7f2140c7a000 r-xp 00000000 fc:01 405168                     /usr/lib/libxcb-render.so.0.0.0
7f2140c7a000-7f2140e7a000 ---p 00007000 fc:01 405168                     /usr/lib/libxcb-render.so.0.0.0
7f2140e7a000-7f2140e7b000 r--p 00007000 fc:01 405168                     /usr/lib/libxcb-render.so.0.0.0
7f2140e7b000-7f2140e7c000 rw-p 00008000 fc:01 405168                     /usr/lib/libxcb-render.so.0.0.0
7f2140e7c000-7f2140e7e000 r-xp 00000000 fc:01 405170                     /usr/lib/libxcb-shm.so.0.0.0
7f2140e7e000-7f214107d000 ---p 00002000 fc:01 405170                     /usr/lib/libxcb-shm.so.0.0.0
7f214107d000-7f214107e000 r--p 00001000 fc:01 405170                     /usr/lib/libxcb-shm.so.0.0.0
7f214107e000-7f214107f000 rw-p 00002000 fc:01 405170                     /usr/lib/libxcb-shm.so.0.0.0
7f214107f000-7f21410da000 r-xp 00000000 fc:01 405157                     /usr/lib/libpixman-1.so.0.18.4
7f21410da000-7f21412d9000 ---p 0005b000 fc:01 405157                     /usr/lib/libpixman-1.so.0.18.4
7f21412d9000-7f21412dd000 r--p 0005a000 fc:01 405157                     /usr/lib/libpixman-1.so.0.18.4
7f21412dd000-7f21412de000 rw-p 0005e000 fc:01 405157                     /usr/lib/libpixman-1.so.0.18.4
7f21412de000-7f2141304000 r-xp 00000000 fc:01 1048827                    /lib/libexpat.so.1.5.2
7f2141304000-7f2141504000 ---p 00026000 fc:01 1048827                    /lib/libexpat.so.1.5.2
7f2141504000-7f2141506000 r--p 00026000 fc:01 1048827                    /lib/libexpat.so.1.5.2
7f2141506000-7f2141507000 rw-p 00028000 fc:01 1048827                    /lib/libexpat.so.1.5.2
7f2141507000-7f2141523000 r-xp 00000000 fc:01 1048658                    /lib/libselinux.so.1
7f2141523000-7f2141722000 ---p 0001c000 fc:01 1048658                    /lib/libselinux.so.1
7f2141722000-7f2141723000 r--p 0001b000 fc:01 1048658                    /lib/libselinux.so.1
7f2141723000-7f2141724000 rw-p 0001c000 fc:01 1048658                    /lib/libselinux.so.1
7f2141724000-7f2141725000 rw-p 00000000 00:00 0 
7f2141725000-7f214173b000 r-xp 00000000 fc:01 1055897                    /lib/libresolv-2.12.1.so
7f214173b000-7f214193a000 ---p 00016000 fc:01 1055897                    /lib/libresolv-2.12.1.so
7f214193a000-7f214193b000 r--p 00015000 fc:01 1055897                    /lib/libresolv-2.12.1.so
7f214193b000-7f214193c000 rw-p 00016000 fc:01 1055897                    /lib/libresolv-2.12.1.so
7f214193c000-7f214193e000 rw-p 00000000 00:00 0 
7f214193e000-7f21419bf000 r-xp 00000000 fc:01 394125                     /usr/lib/libfreetype.so.6.6.0
7f21419bf000-7f2141bbf000 ---p 00081000 fc:01 394125                     /usr/lib/libfreetype.so.6.6.0
7f2141bbf000-7f2141bc4000 r--p 00081000 fc:01 394125                     /usr/lib/libfreetype.so.6.6.0
7f2141bc4000-7f2141bc5000 rw-p 00086000 fc:01 394125                     /usr/lib/libfreetype.so.6.6.0
7f2141bc5000-7f2141bed000 r-xp 00000000 fc:01 407582                     /usr/lib/libpangoft2-1.0.so.0.2800.2
7f2141bed000-7f2141dec000 ---p 00028000 fc:01 407582                     /usr/lib/libpangoft2-1.0.so.0.2800.2
7f2141dec000-7f2141ded000 r--p 00027000 fc:01 407582                     /usr/lib/libpangoft2-1.0.so.0.2800.2
7f2141ded000-7f2141dee000 rw-p 00028000 fc:01 407582                     /usr/lib/libpangoft2-1.0.so.0.2800.2
7f2141dee000-7f2141f1f000 r-xp 00000000 fc:01 405166                     /usr/lib/libX11.so.6.3.0
7f2141f1f000-7f214211f000 ---p 00131000 fc:01 405166                     /usr/lib/libX11.so.6.3.0
7f214211f000-7f2142120000 r--p 00131000 fc:01 405166                     /usr/lib/libX11.so.6.3.0
7f2142120000-7f2142124000 rw-p 00132000 fc:01 405166                     /usr/lib/libX11.so.6.3.0
7f2142124000-7f21421db000 r-xp 00000000 fc:01 397072                     /usr/lib/libcairo.so.2.11000.0
7f21421db000-7f21423da000 ---p 000b7000 fc:01 397072                     /usr/lib/libcairo.so.2.11000.0
7f21423da000-7f21423dc000 r--p 000b6000 fc:01 397072                     /usr/lib/libcairo.so.2.11000.0
7f21423dc000-7f21423dd000 rw-p 000b8000 fc:01 397072                     /usr/lib/libcairo.so.2.11000.0
7f21423dd000-7f21423e0000 rw-p 00000000 00:00 0 
7f21423e0000-7f21423e5000 r-xp 00000000 fc:01 407594                     /usr/lib/libXfixes.so.3.1.0
7f21423e5000-7f21425e4000 ---p 00005000 fc:01 407594                     /usr/lib/libXfixes.so.3.1.0
7f21425e4000-7f21425e5000 r--p 00004000 fc:01 407594                     /usr/lib/libXfixes.so.3.1.0
7f21425e5000-7f21425e6000 rw-p 00005000 fc:01 407594                     /usr/lib/libXfixes.so.3.1.0
7f21425e6000-7f21425e8000 r-xp 00000000 fc:01 407611                     /usr/lib/libXdamage.so.1.1.0
7f21425e8000-7f21427e7000 ---p 00002000 fc:01 407611                     /usr/lib/libXdamage.so.1.1.0
7f21427e7000-7f21427e8000 r--p 00001000 fc:01 407611                     /usr/lib/libXdamage.so.1.1.0
7f21427e8000-7f21427e9000 rw-p 00002000 fc:01 407611                     /usr/lib/libXdamage.so.1.1.0
7f21427e9000-7f21427eb000 r-xp 00000000 fc:01 407600                     /usr/lib/libXcomposite.so.1.0.0
7f21427eb000-7f21429ea000 ---p 00002000 fc:01 407600                     /usr/lib/libXcomposite.so.1.0.0
7f21429ea000-7f21429eb000 r--p 00001000 fc:01 407600                     /usr/lib/libXcomposite.so.1.0.0
7f21429eb000-7f21429ec000 rw-p 00002000 fc:01 407600                     /usr/lib/libXcomposite.so.1.0.0
7f21429ec000-7f21429f5000 r-xp 00000000 fc:01 407605                     /usr/lib/libXcursor.so.1.0.2
7f21429f5000-7f2142bf4000 ---p 00009000 fc:01 407605                     /usr/lib/libXcursor.so.1.0.2
7f2142bf4000-7f2142bf5000 r--p 00008000 fc:01 407605                     /usr/lib/libXcursor.so.1.0.2
7f2142bf5000-7f2142bf6000 rw-p 00009000 fc:01 407605                     /usr/lib/libXcursor.so.1.0.2
7f2142bf6000-7f2142bfe000 r-xp 00000000 fc:01 407629                     /usr/lib/libXrandr.so.2.2.0
7f2142bfe000-7f2142dfd000 ---p 00008000 fc:01 407629                     /usr/lib/libXrandr.so.2.2.0
7f2142dfd000-7f2142dfe000 r--p 00007000 fc:01 407629                     /usr/lib/libXrandr.so.2.2.0
7f2142dfe000-7f2142dff000 rw-p 00008000 fc:01 407629                     /usr/lib/libXrandr.so.2.2.0
7f2142dff000-7f2142e0d000 r-xp 00000000 fc:01 407617                     /usr/lib/libXi.so.6.1.0
7f2142e0d000-7f214300d000 ---p 0000e000 fc:01 407617                     /usr/lib/libXi.so.6.1.0
7f214300d000-7f214300e000 r--p 0000e000 fc:01 407617                     /usr/lib/libXi.so.6.1.0
7f214300e000-7f214300f000 rw-p 0000f000 fc:01 407617                     /usr/lib/libXi.so.6.1.0
7f214300f000-7f2143011000 r-xp 00000000 fc:01 407623                     /usr/lib/libXinerama.so.1.0.0
7f2143011000-7f2143210000 ---p 00002000 fc:01 407623                     /usr/lib/libXinerama.so.1.0.0
7f2143210000-7f2143211000 r--p 00001000 fc:01 407623                     /usr/lib/libXinerama.so.1.0.0
7f2143211000-7f2143212000 rw-p 00002000 fc:01 407623                     /usr/lib/libXinerama.so.1.0.0
7f2143212000-7f214321b000 r-xp 00000000 fc:01 405172                     /usr/lib/libXrender.so.1.3.0
7f214321b000-7f214341a000 ---p 00009000 fc:01 405172                     /usr/lib/libXrender.so.1.3.0
7f214341a000-7f214341b000 r--p 00008000 fc:01 405172                     /usr/lib/libXrender.so.1.3.0
7f214341b000-7f214341c000 rw-p 00009000 fc:01 405172                     /usr/lib/libXrender.so.1.3.0
7f214341c000-7f214342d000 r-xp 00000000 fc:01 405801                     /usr/lib/libXext.so.6.4.0
7f214342d000-7f214362c000 ---p 00011000 fc:01 405801                     /usr/lib/libXext.so.6.4.0
7f214362c000-7f214362d000 r--p 00010000 fc:01 405801                     /usr/lib/libXext.so.6.4.0
7f214362d000-7f214362e000 rw-p 00011000 fc:01 405801                     /usr/lib/libXext.so.6.4.0
7f214362e000-7f2143661000 r-xp 00000000 fc:01 405155                     /usr/lib/libfontconfig.so.1.4.4
7f2143661000-7f2143861000 ---p 00033000 fc:01 405155                     /usr/lib/libfontconfig.so.1.4.4
7f2143861000-7f2143862000 r--p 00033000 fc:01 405155                     /usr/lib/libfontconfig.so.1.4.4
7f2143862000-7f2143863000 rw-p 00034000 fc:01 405155                     /usr/lib/libfontconfig.so.1.4.4
7f2143863000-7f2143866000 r-xp 00000000 fc:01 395689                     /usr/lib/libgmodule-2.0.so.0.2600.1
7f2143866000-7f2143a65000 ---p 00003000 fc:01 395689                     /usr/lib/libgmodule-2.0.so.0.2600.1
7f2143a65000-7f2143a66000 r--p 00002000 fc:01 395689                     /usr/lib/libgmodule-2.0.so.0.2600.1
7f2143a66000-7f2143a67000 rw-p 00003000 fc:01 395689                     /usr/lib/libgmodule-2.0.so.0.2600.1
7f2143a67000-7f2143b6c000 r-xp 00000000 fc:01 395685                     /usr/lib/libgio-2.0.so.0.2600.1
7f2143b6c000-7f2143d6c000 ---p 00105000 fc:01 395685                     /usr/lib/libgio-2.0.so.0.2600.1
7f2143d6c000-7f2143d6f000 r--p 00105000 fc:01 395685                     /usr/lib/libgio-2.0.so.0.2600.1
7f2143d6f000-7f2143d71000 rw-p 00108000 fc:01 395685                     /usr/lib/libgio-2.0.so.0.2600.1
7f2143d71000-7f2143d72000 rw-p 00000000 00:00 0 
7f2143d72000-7f2143d97000 r-xp 00000000 fc:01 1048682                    /lib/libpng12.so.0.44.0
7f2143d97000-7f2143f96000 ---p 00025000 fc:01 1048682                    /lib/libpng12.so.0.44.0
7f2143f96000-7f2143f97000 r--p 00024000 fc:01 1048682                    /lib/libpng12.so.0.44.0
7f2143f97000-7f2143f98000 rw-p 00025000 fc:01 1048682                    /lib/libpng12.so.0.44.0
7f2143f98000-7f2143fb2000 r-xp 00000000 fc:01 407464                     /usr/lib/libgdk_pixbuf-2.0.so.0.2200.0
7f2143fb2000-7f21441b2000 ---p 0001a000 fc:01 407464                     /usr/lib/libgdk_pixbuf-2.0.so.0.2200.0
7f21441b2000-7f21441b3000 r--p 0001a000 fc:01 407464                     /usr/lib/libgdk_pixbuf-2.0.so.0.2200.0
7f21441b3000-7f21441b4000 rw-p 0001b000 fc:01 407464                     /usr/lib/libgdk_pixbuf-2.0.so.0.2200.0
7f21441b4000-7f21441f9000 r-xp 00000000 fc:01 407561                     /usr/lib/libpango-1.0.so.0.2800.2
7f21441f9000-7f21443f9000 ---p 00045000 fc:01 407561                     /usr/lib/libpango-1.0.so.0.2800.2
7f21443f9000-7f21443fb000 r--p 00045000 fc:01 407561                     /usr/lib/libpango-1.0.so.0.2800.2
7f21443fb000-7f21443fc000 rw-p 00047000 fc:01 407561                     /usr/lib/libpango-1.0.so.0.2800.2
7f21443fc000-7f2144407000 r-xp 00000000 fc:01 407560                     /usr/lib/libpangocairo-1.0.so.0.2800.2
7f2144407000-7f2144606000 ---p 0000b000 fc:01 407560                     /usr/lib/libpangocairo-1.0.so.0.2800.2
7f2144606000-7f2144607000 r--p 0000a000 fc:01 407560                     /usr/lib/libpangocairo-1.0.so.0.2800.2
7f2144607000-7f2144608000 rw-p 0000b000 fc:01 407560                     /usr/lib/libpangocairo-1.0.so.0.2800.2
7f2144608000-7f21446b1000 r-xp 00000000 fc:01 407675                     /usr/lib/libgdk-x11-2.0.so.0.2200.0
7f21446b1000-7f21448b1000 ---p 000a9000 fc:01 407675                     /usr/lib/libgdk-x11-2.0.so.0.2200.0
7f21448b1000-7f21448b5000 r--p 000a9000 fc:01 407675                     /usr/lib/libgdk-x11-2.0.so.0.2200.0
7f21448b5000-7f21448b7000 rw-p 000ad000 fc:01 407675                     /usr/lib/libgdk-x11-2.0.so.0.2200.0
7f21448b7000-7f21448e7000 r-xp 00000000 fc:01 1048679                    /lib/libpcre.so.3.12.1
7f21448e7000-7f2144ae6000 ---p 00030000 fc:01 1048679                    /lib/libpcre.so.3.12.1
7f2144ae6000-7f2144ae7000 r--p 0002f000 fc:01 1048679                    /lib/libpcre.so.3.12.1
7f2144ae7000-7f2144ae8000 rw-p 00030000 fc:01 1048679                    /lib/libpcre.so.3.12.1
7f2144ae8000-7f2144bc8000 r-xp 00000000 fc:01 1048701                    /lib/libglib-2.0.so.0.2600.1
7f2144bc8000-7f2144dc7000 ---p 000e0000 fc:01 1048701                    /lib/libglib-2.0.so.0.2600.1
7f2144dc7000-7f2144dc8000 r--p 000df000 fc:01 1048701                    /lib/libglib-2.0.so.0.2600.1
7f2144dc8000-7f2144dc9000 rw-p 000e0000 fc:01 1048701                    /lib/libglib-2.0.so.0.2600.1
7f2144dc9000-7f2144dca000 rw-p 00000000 00:00 0 
7f2144dca000-7f2144dce000 r-xp 00000000 fc:01 394831                     /usr/lib/libgthread-2.0.so.0.2600.1
7f2144dce000-7f2144fcd000 ---p 00004000 fc:01 394831                     /usr/lib/libgthread-2.0.so.0.2600.1
7f2144fcd000-7f2144fce000 r--p 00003000 fc:01 394831                     /usr/lib/libgthread-2.0.so.0.2600.1
7f2144fce000-7f2144fcf000 rw-p 00004000 fc:01 394831                     /usr/lib/libgthread-2.0.so.0.2600.1
7f2144fcf000-7f2145018000 r-xp 00000000 fc:01 395686                     /usr/lib/libgobject-2.0.so.0.2600.1
7f2145018000-7f2145218000 ---p 00049000 fc:01 395686                     /usr/lib/libgobject-2.0.so.0.2600.1
7f2145218000-7f2145219000 r--p 00049000 fc:01 395686                     /usr/lib/libgobject-2.0.so.0.2600.1
7f2145219000-7f214521a000 rw-p 0004a000 fc:01 395686                     /usr/lib/libgobject-2.0.so.0.2600.1
7f214521a000-7f214521b000 rw-p 00000000 00:00 0 
7f214521b000-7f2145229000 r-xp 00000000 fc:01 401320                     /usr/lib/eclipse/plugins/org.eclipse.equinox.launcher.gtk.linux.x86_64_1.0.200.v20090519/eclipse_1208.so
7f2145229000-7f2145428000 ---p 0000e000 fc:01 401320                     /usr/lib/eclipse/plugins/org.eclipse.equinox.launcher.gtk.linux.x86_64_1.0.200.v20090519/eclipse_1208.so
7f2145428000-7f2145429000 r--p 0000d000 fc:01 401320                     /usr/lib/eclipse/plugins/org.eclipse.equinox.launcher.gtk.linux.x86_64_1.0.200.v20090519/eclipse_1208.so
7f2145429000-7f214542a000 rw-p 0000e000 fc:01 401320                     /usr/lib/eclipse/plugins/org.eclipse.equinox.launcher.gtk.linux.x86_64_1.0.200.v20090519/eclipse_1208.so
7f214542a000-7f214542b000 ---p 00000000 00:00 0 
7f214542b000-7f214552b000 rw-p 00000000 00:00 0 
7f214552b000-7f214552e000 ---p 00000000 00:00 0 
7f214552e000-7f214562c000 rw-p 00000000 00:00 0 
7f214562c000-7f214562f000 ---p 00000000 00:00 0 
7f214562f000-7f214572d000 rw-p 00000000 00:00 0 
7f214572d000-7f2145730000 ---p 00000000 00:00 0 
7f2145730000-7f214582e000 rw-p 00000000 00:00 0 
7f214582e000-7f2145831000 ---p 00000000 00:00 0 
7f2145831000-7f214592f000 rw-p 00000000 00:00 0 
7f214592f000-7f2145bd3000 r--p 00000000 fc:01 394124                     /usr/lib/locale/locale-archive
7f2145bd3000-7f2145bd6000 ---p 00000000 00:00 0 
7f2145bd6000-7f2145cd4000 rw-p 00000000 00:00 0 
7f2145cd4000-7f2145cd7000 ---p 00000000 00:00 0 
7f2145cd7000-7f2145dd5000 rw-p 00000000 00:00 0 
7f2145dd5000-7f2145dd6000 ---p 00000000 00:00 0 
7f2145dd6000-7f2145ed6000 rw-p 00000000 00:00 0 
7f2145ed6000-7f2145ed8000 r--s 0001d000 fc:01 549117                     /usr/lib/jvm/java-6-openjdk/jre/lib/plugin.jar
7f2145ed8000-7f2145edd000 r--s 00045000 fc:01 549121                     /usr/lib/jvm/java-6-openjdk/jre/lib/netx.jar
7f2145edd000-7f2145f10000 rw-p 00000000 00:00 0 
7f2145f10000-7f21460a0000 r--s 038c5000 fc:01 549270                     /usr/lib/jvm/java-6-openjdk/jre/lib/rt.jar
7f21460a0000-7f21460d3000 rw-p 00000000 00:00 0 
7f21460d3000-7f2146149000 rw-p 00000000 00:00 0 
7f2146149000-7f2146174000 rw-p 00000000 00:00 0 
7f2146174000-7f21461f4000 rw-p 00000000 00:00 0 
7f21461f4000-7f214620a000 rw-p 00000000 00:00 0 
7f214620a000-7f2146249000 rw-p 00000000 00:00 0 
7f2146249000-7f2146274000 rw-p 00000000 00:00 0 
7f2146274000-7f21462f4000 rw-p 00000000 00:00 0 
7f21462f4000-7f21462ff000 rw-p 00000000 00:00 0 
7f21462ff000-7f2146374000 rw-p 00000000 00:00 0 
7f2146374000-7f2146375000 rw-p 00000000 00:00 0 
7f2146375000-7f21465e5000 rwxp 00000000 00:00 0 
7f21465e5000-7f2149375000 rw-p 00000000 00:00 0 
7f2149375000-7f214937c000 r-xp 00000000 fc:01 549256                     /usr/lib/jvm/java-6-openjdk/jre/lib/amd64/libzip.so
7f214937c000-7f214957b000 ---p 00007000 fc:01 549256                     /usr/lib/jvm/java-6-openjdk/jre/lib/amd64/libzip.so
7f214957b000-7f214957c000 r--p 00006000 fc:01 549256                     /usr/lib/jvm/java-6-openjdk/jre/lib/amd64/libzip.so
7f214957c000-7f214957d000 rw-p 00007000 fc:01 549256                     /usr/lib/jvm/java-6-openjdk/jre/lib/amd64/libzip.so
7f214957d000-7f2149589000 r-xp 00000000 fc:01 1055891                    /lib/libnss_files-2.12.1.so
7f2149589000-7f2149788000 ---p 0000c000 fc:01 1055891                    /lib/libnss_files-2.12.1.so
7f2149788000-7f2149789000 r--p 0000b000 fc:01 1055891                    /lib/libnss_files-2.12.1.so
7f2149789000-7f214978a000 rw-p 0000c000 fc:01 1055891                    /lib/libnss_files-2.12.1.so
7f214978a000-7f2149794000 r-xp 00000000 fc:01 1055893                    /lib/libnss_nis-2.12.1.so
7f2149794000-7f2149993000 ---p 0000a000 fc:01 1055893                    /lib/libnss_nis-2.12.1.so
7f2149993000-7f2149994000 r--p 00009000 fc:01 1055893                    /lib/libnss_nis-2.12.1.so
7f2149994000-7f2149995000 rw-p 0000a000 fc:01 1055893                    /lib/libnss_nis-2.12.1.so
7f2149995000-7f214999d000 r-xp 00000000 fc:01 1055889                    /lib/libnss_compat-2.12.1.so
7f214999d000-7f2149b9c000 ---p 00008000 fc:01 1055889                    /lib/libnss_compat-2.12.1.so
7f2149b9c000-7f2149b9d000 r--p 00007000 fc:01 1055889                    /lib/libnss_compat-2.12.1.so
7f2149b9d000-7f2149b9e000 rw-p 00008000 fc:01 1055889                    /lib/libnss_compat-2.12.1.so
7f2149b9e000-7f2149ba6000 r-xp 00000000 fc:01 674394                     /usr/lib/jvm/java-6-openjdk/jre/lib/amd64/native_threads/libhpi.so
7f2149ba6000-7f2149da5000 ---p 00008000 fc:01 674394                     /usr/lib/jvm/java-6-openjdk/jre/lib/amd64/native_threads/libhpi.so
7f2149da5000-7f2149da6000 r--p 00007000 fc:01 674394                     /usr/lib/jvm/java-6-openjdk/jre/lib/amd64/native_threads/libhpi.so
7f2149da6000-7f2149da7000 rw-p 00008000 fc:01 674394                     /usr/lib/jvm/java-6-openjdk/jre/lib/amd64/native_threads/libhpi.so
7f2149da7000-7f2149dbe000 r-xp 00000000 fc:01 1055888                    /lib/libnsl-2.12.1.so
7f2149dbe000-7f2149fbd000 ---p 00017000 fc:01 1055888                    /lib/libnsl-2.12.1.so
7f2149fbd000-7f2149fbe000 r--p 00016000 fc:01 1055888                    /lib/libnsl-2.12.1.so
7f2149fbe000-7f2149fbf000 rw-p 00017000 fc:01 1055888                    /lib/libnsl-2.12.1.so
7f2149fbf000-7f2149fc1000 rw-p 00000000 00:00 0 
7f2149fc1000-7f2149fec000 r-xp 00000000 fc:01 549255                     /usr/lib/jvm/java-6-openjdk/jre/lib/amd64/libjava.so
7f2149fec000-7f214a1eb000 ---p 0002b000 fc:01 549255                     /usr/lib/jvm/java-6-openjdk/jre/lib/amd64/libjava.so
7f214a1eb000-7f214a1ec000 r--p 0002a000 fc:01 549255                     /usr/lib/jvm/java-6-openjdk/jre/lib/amd64/libjava.so
7f214a1ec000-7f214a1ef000 rw-p 0002b000 fc:01 549255                     /usr/lib/jvm/java-6-openjdk/jre/lib/amd64/libjava.so
7f214a1ef000-7f214a1fd000 r-xp 00000000 fc:01 549241                     /usr/lib/jvm/java-6-openjdk/jre/lib/amd64/libverify.so
7f214a1fd000-7f214a3fc000 ---p 0000e000 fc:01 549241                     /usr/lib/jvm/java-6-openjdk/jre/lib/amd64/libverify.so
7f214a3fc000-7f214a3fe000 r--p 0000d000 fc:01 549241                     /usr/lib/jvm/java-6-openjdk/jre/lib/amd64/libverify.so
7f214a3fe000-7f214a3ff000 rw-p 0000f000 fc:01 549241                     /usr/lib/jvm/java-6-openjdk/jre/lib/amd64/libverify.so
7f214a3ff000-7f214a406000 r-xp 00000000 fc:01 1055898                    /lib/librt-2.12.1.so
7f214a406000-7f214a605000 ---p 00007000 fc:01 1055898                    /lib/librt-2.12.1.so
7f214a605000-7f214a606000 r--p 00006000 fc:01 1055898                    /lib/librt-2.12.1.so
7f214a606000-7f214a607000 rw-p 00007000 fc:01 1055898                    /lib/librt-2.12.1.so
7f214a607000-7f214a689000 r-xp 00000000 fc:01 1055886                    /lib/libm-2.12.1.so
7f214a689000-7f214a888000 ---p 00082000 fc:01 1055886                    /lib/libm-2.12.1.so
7f214a888000-7f214a889000 r--p 00081000 fc:01 1055886                    /lib/libm-2.12.1.so
7f214a889000-7f214a88a000 rw-p 00082000 fc:01 1055886                    /lib/libm-2.12.1.so
7f214a88a000-7f214b110000 r-xp 00000000 fc:01 549259                     /usr/lib/jvm/java-6-openjdk/jre/lib/amd64/server/libjvm.so
7f214b110000-7f214b30f000 ---p 00886000 fc:01 549259                     /usr/lib/jvm/java-6-openjdk/jre/lib/amd64/server/libjvm.so
7f214b30f000-7f214b385000 r--p 00885000 fc:01 549259                     /usr/lib/jvm/java-6-openjdk/jre/lib/amd64/server/libjvm.so
7f214b385000-7f214b3a0000 rw-p 008fb000 fc:01 549259                     /usr/lib/jvm/java-6-openjdk/jre/lib/amd64/server/libjvm.so
7f214b3a0000-7f214b3d9000 rw-p 00000000 00:00 0 
7f214b3d9000-7f214b553000 r-xp 00000000 fc:01 1055882                    /lib/libc-2.12.1.so
7f214b553000-7f214b753000 ---p 0017a000 fc:01 1055882                    /lib/libc-2.12.1.so
7f214b753000-7f214b757000 r--p 0017a000 fc:01 1055882                    /lib/libc-2.12.1.so
7f214b757000-7f214b758000 rw-p 0017e000 fc:01 1055882                    /lib/libc-2.12.1.so
7f214b758000-7f214b75d000 rw-p 00000000 00:00 0 
7f214b75d000-7f214b75f000 r-xp 00000000 fc:01 1055885                    /lib/libdl-2.12.1.so
7f214b75f000-7f214b95f000 ---p 00002000 fc:01 1055885                    /lib/libdl-2.12.1.so
7f214b95f000-7f214b960000 r--p 00002000 fc:01 1055885                    /lib/libdl-2.12.1.so
7f214b960000-7f214b961000 rw-p 00003000 fc:01 1055885                    /lib/libdl-2.12.1.so
7f214b961000-7f214b965000 r-xp 00000000 fc:01 549239                     /usr/lib/jvm/java-6-openjdk/jre/lib/amd64/jli/libjli.so
7f214b965000-7f214bb64000 ---p 00004000 fc:01 549239                     /usr/lib/jvm/java-6-openjdk/jre/lib/amd64/jli/libjli.so
7f214bb64000-7f214bb65000 r--p 00003000 fc:01 549239                     /usr/lib/jvm/java-6-openjdk/jre/lib/amd64/jli/libjli.so
7f214bb65000-7f214bb66000 rw-p 00004000 fc:01 549239                     /usr/lib/jvm/java-6-openjdk/jre/lib/amd64/jli/libjli.so
7f214bb66000-7f214bb7e000 r-xp 00000000 fc:01 1055896                    /lib/libpthread-2.12.1.so
7f214bb7e000-7f214bd7d000 ---p 00018000 fc:01 1055896                    /lib/libpthread-2.12.1.so
7f214bd7d000-7f214bd7e000 r--p 00017000 fc:01 1055896                    /lib/libpthread-2.12.1.so
7f214bd7e000-7f214bd7f000 rw-p 00018000 fc:01 1055896                    /lib/libpthread-2.12.1.so
7f214bd7f000-7f214bd83000 rw-p 00000000 00:00 0 
7f214bd83000-7f214bd99000 r-xp 00000000 fc:01 1048821                    /lib/libz.so.1.2.3.4
7f214bd99000-7f214bf99000 ---p 00016000 fc:01 1048821                    /lib/libz.so.1.2.3.4
7f214bf99000-7f214bf9a000 r--p 00016000 fc:01 1048821                    /lib/libz.so.1.2.3.4
7f214bf9a000-7f214bf9b000 rw-p 00017000 fc:01 1048821                    /lib/libz.so.1.2.3.4
7f214bf9b000-7f214bfbb000 r-xp 00000000 fc:01 1055879                    /lib/ld-2.12.1.so
7f214bfd6000-7f214bfd7000 r--p 00000000 fc:01 922381                     /usr/share/locale-langpack/en_AU/LC_MESSAGES/libc.mo
7f214bfd7000-7f214bfda000 r--s 0007d000 fc:01 549113                     /usr/lib/jvm/java-6-openjdk/jre/lib/jsse.jar
7f214bfda000-7f214bfe2000 r--s 00066000 fc:01 936596                     /usr/share/java/gnome-java-bridge.jar
7f214bfe2000-7f214bfec000 rw-p 00000000 00:00 0 
7f214bfec000-7f214c0a2000 rw-p 00000000 00:00 0 
7f214c0a2000-7f214c0aa000 rw-s 00000000 fc:01 1055996                    /tmp/hsperfdata_root/28704
7f214c0aa000-7f214c0ad000 ---p 00000000 00:00 0 
7f214c0ad000-7f214c1b0000 rw-p 00000000 00:00 0 
7f214c1b2000-7f214c1b5000 r--s 0000f000 fc:01 549145                     /usr/lib/jvm/java-6-openjdk/jre/lib/ext/pulse-java.jar
7f214c1b5000-7f214c1b7000 r--s 00009000 fc:01 401282                     /usr/lib/eclipse/plugins/org.eclipse.equinox.launcher_1.0.201.R35x_v20090715.jar
7f214c1b7000-7f214c1b8000 rw-p 00000000 00:00 0 
7f214c1b8000-7f214c1b9000 r--p 00000000 00:00 0 
7f214c1b9000-7f214c1bb000 rw-p 00000000 00:00 0 
7f214c1bb000-7f214c1bc000 r--p 00020000 fc:01 1055879                    /lib/ld-2.12.1.so
7f214c1bc000-7f214c1bd000 rw-p 00021000 fc:01 1055879                    /lib/ld-2.12.1.so
7f214c1bd000-7f214c1be000 rw-p 00000000 00:00 0 
7fff3ea08000-7fff3ea3f000 rw-p 00000000 00:00 0                          [stack]
7fff3eb39000-7fff3eb3a000 r-xp 00000000 00:00 0                          [vdso]
ffffffffff600000-ffffffffff601000 r-xp 00000000 00:00 0                  [vsyscall]

VM Arguments:
jvm_args: -Xms128m -Xmx512m -Dorg.eclipse.equinox.p2.reconciler.dropins.directory=/usr/share/eclipse/dropins -XX:MaxPermSize=256m 
java_command: /usr/lib/eclipse//plugins/org.eclipse.equinox.launcher_1.0.201.R35x_v20090715.jar -os linux -ws gtk -arch x86_64 -showsplash -launcher /usr/lib/eclipse/eclipse -name Eclipse --launcher.library /usr/lib/eclipse//plugins/org.eclipse.equinox.launcher.gtk.linux.x86_64_1.0.200.v20090519/eclipse_1208.so -startup /usr/lib/eclipse//plugins/org.eclipse.equinox.launcher_1.0.201.R35x_v20090715.jar -exitdata 230000 -vm /usr/bin/java -vmargs -Xms128m -Xmx512m -Dorg.eclipse.equinox.p2.reconciler.dropins.directory=/usr/share/eclipse/dropins -XX:MaxPermSize=256m -jar /usr/lib/eclipse//plugins/org.eclipse.equinox.launcher_1.0.201.R35x_v20090715.jar
Launcher Type: SUN_STANDARD

Environment Variables:
PATH=/usr/local/sbin:/usr/local/bin:/usr/sbin:/usr/bin:/sbin:/bin:/usr/games
USERNAME=root
LD_LIBRARY_PATH=/usr/lib/jvm/java-6-openjdk/jre/lib/amd64/server:/usr/lib/jvm/java-6-openjdk/jre/lib/amd64:/usr/lib/jvm/java-6-openjdk/jre/../lib/amd64:/usr/lib/xulrunner-1.9.2.28
SHELL=/bin/bash
DISPLAY=localhost:11.0

Signal Handlers:
SIGSEGV: [libjvm.so+0x7236f0], sa_mask[0]=0x7ffbfeff, sa_flags=0x10000004
SIGBUS: [libjvm.so+0x7236f0], sa_mask[0]=0x7ffbfeff, sa_flags=0x10000004
SIGFPE: [libjvm.so+0x5e00c0], sa_mask[0]=0x7ffbfeff, sa_flags=0x10000004
SIGPIPE: SIG_IGN, sa_mask[0]=0x00001000, sa_flags=0x10000000
SIGXFSZ: [libjvm.so+0x5e00c0], sa_mask[0]=0x7ffbfeff, sa_flags=0x10000004
SIGILL: [libjvm.so+0x5e00c0], sa_mask[0]=0x7ffbfeff, sa_flags=0x10000004
SIGUSR1: SIG_DFL, sa_mask[0]=0x00000000, sa_flags=0x00000000
SIGUSR2: [libjvm.so+0x5df7d0], sa_mask[0]=0x00000000, sa_flags=0x10000004
SIGHUP: [libjvm.so+0x5e2240], sa_mask[0]=0x7ffbfeff, sa_flags=0x10000004
SIGINT: [libjvm.so+0x5e2240], sa_mask[0]=0x7ffbfeff, sa_flags=0x10000004
SIGTERM: [libjvm.so+0x5e2240], sa_mask[0]=0x7ffbfeff, sa_flags=0x10000004
SIGQUIT: [libjvm.so+0x5e2240], sa_mask[0]=0x7ffbfeff, sa_flags=0x10000004


---------------  S Y S T E M  ---------------

OS:Ubuntu 10.10 (maverick)
uname:Linux 2.6.35-28-server #50-Ubuntu SMP Fri Mar 18 18:59:25 UTC 2011 x86_64
libc:glibc 2.12.1 NPTL 2.12.1 
rlimit: STACK 8192k, CORE 0k, NPROC infinity, NOFILE 1024, AS infinity
load average:0.41 0.15 0.15

/proc/meminfo:
MemTotal:        1022416 kB
MemFree:          189100 kB
Buffers:          120912 kB
Cached:           490044 kB
SwapCached:          552 kB
Active:           314536 kB
Inactive:         416392 kB
Active(anon):      12988 kB
Inactive(anon):   107536 kB
Active(file):     301548 kB
Inactive(file):   308856 kB
Unevictable:           0 kB
Mlocked:               0 kB
SwapTotal:        916476 kB
SwapFree:         915108 kB
Dirty:               572 kB
Writeback:             0 kB
AnonPages:        119560 kB
Mapped:            29996 kB
Shmem:               544 kB
Slab:              57008 kB
SReclaimable:      43872 kB
SUnreclaim:        13136 kB
KernelStack:        2040 kB
PageTables:         6176 kB
NFS_Unstable:          0 kB
Bounce:                0 kB
WritebackTmp:          0 kB
CommitLimit:     1427684 kB
Committed_AS:    1134684 kB
VmallocTotal:   34359738367 kB
VmallocUsed:       13064 kB
VmallocChunk:   34359721152 kB
HardwareCorrupted:     0 kB
HugePages_Total:       0
HugePages_Free:        0
HugePages_Rsvd:        0
HugePages_Surp:        0
Hugepagesize:       2048 kB
DirectMap4k:        8180 kB
DirectMap2M:     1040384 kB


CPU:total 1 (1 cores per cpu, 1 threads per core) family 6 model 2 stepping 3, cmov, cx8, fxsr, mmx, sse, sse2, sse3

Memory: 4k page, physical 1022416k(189100k free), swap 916476k(915108k free)

vm_info: OpenJDK 64-Bit Server VM (19.0-b09) for linux-amd64 JRE (1.6.0_20-b20), built on Feb 18 2012 07:27:16 by "buildd" with gcc 4.4.5

time: Mon Jun 25 12:12:11 2012
elapsed time: 0 seconds

