[11/Nov/2011:11:47:19] ENGINE Listening for SIGHUP.
[11/Nov/2011:11:47:19] ENGINE Listening for SIGTERM.
[11/Nov/2011:11:47:19] ENGINE Listening for SIGUSR1.
[11/Nov/2011:11:47:19] ENGINE Bus STARTING
[11/Nov/2011:11:47:19] ENGINE Started monitor thread '_TimeoutMonitor'.
[11/Nov/2011:11:47:19] ENGINE Started monitor thread 'Autoreloader'.
[11/Nov/2011:11:47:19] ENGINE Serving on 127.0.0.1:8080
[11/Nov/2011:11:47:19] ENGINE Bus STARTED
[11/Nov/2011:11:48:49] ENGINE Restarting because /home/dbarua/Python/Um_Browser/November/v12/user_model_browser.py changed.
[11/Nov/2011:11:48:49] ENGINE Stopped thread 'Autoreloader'.
[11/Nov/2011:11:48:49] ENGINE Bus STOPPING
[11/Nov/2011:11:48:49] ENGINE HTTP Server cherrypy._cpwsgi_server.CPWSGIServer(('127.0.0.1', 8080)) shut down
[11/Nov/2011:11:48:49] ENGINE Stopped thread '_TimeoutMonitor'.
[11/Nov/2011:11:48:49] ENGINE Bus STOPPED
[11/Nov/2011:11:48:49] ENGINE Bus EXITING
[11/Nov/2011:11:48:49] ENGINE Bus EXITED
[11/Nov/2011:11:48:49] ENGINE Waiting for child threads to terminate...
[11/Nov/2011:11:48:49] ENGINE Re-spawning user_model_browser.py
[11/Nov/2011:11:48:49] ENGINE Listening for SIGHUP.
[11/Nov/2011:11:48:49] ENGINE Listening for SIGTERM.
[11/Nov/2011:11:48:49] ENGINE Listening for SIGUSR1.
[11/Nov/2011:11:48:49] ENGINE Bus STARTING
[11/Nov/2011:11:48:49] ENGINE Started monitor thread '_TimeoutMonitor'.
[11/Nov/2011:11:48:49] ENGINE Started monitor thread 'Autoreloader'.
[11/Nov/2011:11:48:49] ENGINE Serving on 127.0.0.1:8080
[11/Nov/2011:11:48:49] ENGINE Bus STARTED
[11/Nov/2011:11:48:50] ENGINE Keyboard Interrupt: shutting down bus
[11/Nov/2011:11:48:50] ENGINE Bus STOPPING
[11/Nov/2011:11:48:50] ENGINE HTTP Server cherrypy._cpwsgi_server.CPWSGIServer(('127.0.0.1', 8080)) shut down
[11/Nov/2011:11:48:50] ENGINE Stopped thread '_TimeoutMonitor'.
[11/Nov/2011:11:48:50] ENGINE Stopped thread 'Autoreloader'.
[11/Nov/2011:11:48:50] ENGINE Bus STOPPED
[11/Nov/2011:11:48:50] ENGINE Bus EXITING
[11/Nov/2011:11:48:50] ENGINE Bus EXITED
[11/Nov/2011:11:48:50] ENGINE Waiting for child threads to terminate...
[11/Nov/2011:11:48:50] ENGINE Bus STARTING
[11/Nov/2011:11:48:50] ENGINE Started monitor thread '_TimeoutMonitor'.
[11/Nov/2011:11:48:50] ENGINE Started monitor thread 'Autoreloader'.
[11/Nov/2011:11:48:51] ENGINE Serving on 127.0.0.1:8080
[11/Nov/2011:11:48:51] ENGINE Bus STARTED
[11/Nov/2011:11:52:31] ENGINE Listening for SIGHUP.
[11/Nov/2011:11:52:31] ENGINE Listening for SIGTERM.
[11/Nov/2011:11:52:31] ENGINE Listening for SIGUSR1.
[11/Nov/2011:11:52:31] ENGINE Bus STARTING
[11/Nov/2011:11:52:31] ENGINE Started monitor thread '_TimeoutMonitor'.
[11/Nov/2011:11:52:31] ENGINE Started monitor thread 'Autoreloader'.
[11/Nov/2011:11:52:36] ENGINE Error in 'start' listener <bound method Server.start of <cherrypy._cpserver.Server object at 0x8b471cc>>
Traceback (most recent call last):
  File "/usr/local/lib/python2.6/dist-packages/CherryPy-3.2.2-py2.6.egg/cherrypy/process/wspbus.py", line 197, in publish
    output.append(listener(*args, **kwargs))
  File "/usr/local/lib/python2.6/dist-packages/CherryPy-3.2.2-py2.6.egg/cherrypy/_cpserver.py", line 151, in start
    ServerAdapter.start(self)
  File "/usr/local/lib/python2.6/dist-packages/CherryPy-3.2.2-py2.6.egg/cherrypy/process/servers.py", line 167, in start
    wait_for_free_port(*self.bind_addr)
  File "/usr/local/lib/python2.6/dist-packages/CherryPy-3.2.2-py2.6.egg/cherrypy/process/servers.py", line 410, in wait_for_free_port
    raise IOError("Port %r not free on %r" % (port, host))
IOError: Port 8080 not free on '127.0.0.1'

[11/Nov/2011:11:52:36] ENGINE Shutting down due to error in start listener:
Traceback (most recent call last):
  File "/usr/local/lib/python2.6/dist-packages/CherryPy-3.2.2-py2.6.egg/cherrypy/process/wspbus.py", line 235, in start
    self.publish('start')
  File "/usr/local/lib/python2.6/dist-packages/CherryPy-3.2.2-py2.6.egg/cherrypy/process/wspbus.py", line 215, in publish
    raise exc
ChannelFailures: IOError("Port 8080 not free on '127.0.0.1'",)

[11/Nov/2011:11:52:36] ENGINE Bus STOPPING
[11/Nov/2011:11:52:36] ENGINE HTTP Server cherrypy._cpwsgi_server.CPWSGIServer(('127.0.0.1', 8080)) already shut down
[11/Nov/2011:11:52:36] ENGINE Stopped thread '_TimeoutMonitor'.
[11/Nov/2011:11:52:36] ENGINE Stopped thread 'Autoreloader'.
[11/Nov/2011:11:52:36] ENGINE Bus STOPPED
[11/Nov/2011:11:52:36] ENGINE Bus EXITING
[11/Nov/2011:11:52:36] ENGINE Bus EXITED
[11/Nov/2011:11:52:51] ENGINE Restarting because tutorial.conf changed.
[11/Nov/2011:11:52:51] ENGINE Stopped thread 'Autoreloader'.
[11/Nov/2011:11:52:51] ENGINE Bus STOPPING
[11/Nov/2011:11:52:51] ENGINE Bus STOPPING
[11/Nov/2011:11:52:51] ENGINE HTTP Server cherrypy._cpwsgi_server.CPWSGIServer(('127.0.0.1', 8080)) shut down
[11/Nov/2011:11:52:51] ENGINE Stopped thread '_TimeoutMonitor'.
[11/Nov/2011:11:52:51] ENGINE Bus STOPPED
[11/Nov/2011:11:52:51] ENGINE Bus EXITING
[11/Nov/2011:11:52:51] ENGINE Bus EXITED
[11/Nov/2011:11:52:51] ENGINE HTTP Server cherrypy._cpwsgi_server.CPWSGIServer(('127.0.0.1', 8080)) shut down
[11/Nov/2011:11:52:51] ENGINE No thread running for None.
[11/Nov/2011:11:52:51] ENGINE No thread running for None.
[11/Nov/2011:11:52:51] ENGINE Bus STOPPED
[11/Nov/2011:11:52:51] ENGINE Bus EXITING
[11/Nov/2011:11:52:51] ENGINE Bus EXITED
[11/Nov/2011:11:52:54] ENGINE Listening for SIGHUP.
[11/Nov/2011:11:52:54] ENGINE Listening for SIGTERM.
[11/Nov/2011:11:52:54] ENGINE Listening for SIGUSR1.
[11/Nov/2011:11:52:54] ENGINE Bus STARTING
[11/Nov/2011:11:52:54] ENGINE Started monitor thread '_TimeoutMonitor'.
[11/Nov/2011:11:52:54] ENGINE Started monitor thread 'Autoreloader'.
[11/Nov/2011:11:52:54] ENGINE Serving on 127.0.0.1:8080
[11/Nov/2011:11:52:54] ENGINE Bus STARTED
[11/Nov/2011:11:54:24] ENGINE Restarting because /home/dbarua/Python/Um_Browser/November/v12/user_model_browser.py changed.
[11/Nov/2011:11:54:24] ENGINE Stopped thread 'Autoreloader'.
[11/Nov/2011:11:54:24] ENGINE Bus STOPPING
[11/Nov/2011:11:54:24] ENGINE HTTP Server cherrypy._cpwsgi_server.CPWSGIServer(('127.0.0.1', 8080)) shut down
[11/Nov/2011:11:54:24] ENGINE Stopped thread '_TimeoutMonitor'.
[11/Nov/2011:11:54:24] ENGINE Bus STOPPED
[11/Nov/2011:11:54:24] ENGINE Bus EXITING
[11/Nov/2011:11:54:24] ENGINE Bus EXITED
[11/Nov/2011:11:54:24] ENGINE Waiting for child threads to terminate...
[11/Nov/2011:11:54:24] ENGINE Re-spawning user_model_browser.py
[11/Nov/2011:11:54:24] ENGINE Listening for SIGHUP.
[11/Nov/2011:11:54:24] ENGINE Listening for SIGTERM.
[11/Nov/2011:11:54:24] ENGINE Listening for SIGUSR1.
[11/Nov/2011:11:54:24] ENGINE Bus STARTING
[11/Nov/2011:11:54:24] ENGINE Started monitor thread '_TimeoutMonitor'.
[11/Nov/2011:11:54:24] ENGINE Started monitor thread 'Autoreloader'.
[11/Nov/2011:11:54:24] ENGINE Serving on 127.0.0.1:8080
[11/Nov/2011:11:54:24] ENGINE Bus STARTED
[11/Nov/2011:11:54:30] ENGINE Keyboard Interrupt: shutting down bus
[11/Nov/2011:11:54:30] ENGINE Bus STOPPING
[11/Nov/2011:11:54:30] ENGINE HTTP Server cherrypy._cpwsgi_server.CPWSGIServer(('127.0.0.1', 8080)) shut down
[11/Nov/2011:11:54:30] ENGINE Stopped thread '_TimeoutMonitor'.
[11/Nov/2011:11:54:30] ENGINE Stopped thread 'Autoreloader'.
[11/Nov/2011:11:54:30] ENGINE Bus STOPPED
[11/Nov/2011:11:54:30] ENGINE Bus EXITING
[11/Nov/2011:11:54:30] ENGINE Bus EXITED
[11/Nov/2011:11:54:30] ENGINE Waiting for child threads to terminate...
[11/Nov/2011:11:54:30] ENGINE Bus STARTING
[11/Nov/2011:11:54:30] ENGINE Started monitor thread '_TimeoutMonitor'.
[11/Nov/2011:11:54:30] ENGINE Started monitor thread 'Autoreloader'.
[11/Nov/2011:11:54:30] ENGINE Serving on 127.0.0.1:8080
[11/Nov/2011:11:54:30] ENGINE Bus STARTED
[11/Nov/2011:12:02:50] ENGINE Listening for SIGHUP.
[11/Nov/2011:12:02:50] ENGINE Listening for SIGTERM.
[11/Nov/2011:12:02:50] ENGINE Listening for SIGUSR1.
[11/Nov/2011:12:02:50] ENGINE Bus STARTING
[11/Nov/2011:12:02:50] ENGINE Started monitor thread '_TimeoutMonitor'.
[11/Nov/2011:12:02:50] ENGINE Started monitor thread 'Autoreloader'.
[11/Nov/2011:12:02:55] ENGINE Error in 'start' listener <bound method Server.start of <cherrypy._cpserver.Server object at 0x95961ec>>
Traceback (most recent call last):
  File "/usr/local/lib/python2.6/dist-packages/CherryPy-3.2.2-py2.6.egg/cherrypy/process/wspbus.py", line 197, in publish
    output.append(listener(*args, **kwargs))
  File "/usr/local/lib/python2.6/dist-packages/CherryPy-3.2.2-py2.6.egg/cherrypy/_cpserver.py", line 151, in start
    ServerAdapter.start(self)
  File "/usr/local/lib/python2.6/dist-packages/CherryPy-3.2.2-py2.6.egg/cherrypy/process/servers.py", line 167, in start
    wait_for_free_port(*self.bind_addr)
  File "/usr/local/lib/python2.6/dist-packages/CherryPy-3.2.2-py2.6.egg/cherrypy/process/servers.py", line 410, in wait_for_free_port
    raise IOError("Port %r not free on %r" % (port, host))
IOError: Port 8080 not free on '127.0.0.1'

[11/Nov/2011:12:02:55] ENGINE Shutting down due to error in start listener:
Traceback (most recent call last):
  File "/usr/local/lib/python2.6/dist-packages/CherryPy-3.2.2-py2.6.egg/cherrypy/process/wspbus.py", line 235, in start
    self.publish('start')
  File "/usr/local/lib/python2.6/dist-packages/CherryPy-3.2.2-py2.6.egg/cherrypy/process/wspbus.py", line 215, in publish
    raise exc
ChannelFailures: IOError("Port 8080 not free on '127.0.0.1'",)

[11/Nov/2011:12:02:55] ENGINE Bus STOPPING
[11/Nov/2011:12:02:55] ENGINE HTTP Server cherrypy._cpwsgi_server.CPWSGIServer(('127.0.0.1', 8080)) already shut down
[11/Nov/2011:12:02:55] ENGINE Stopped thread '_TimeoutMonitor'.
[11/Nov/2011:12:02:55] ENGINE Stopped thread 'Autoreloader'.
[11/Nov/2011:12:02:55] ENGINE Bus STOPPED
[11/Nov/2011:12:02:55] ENGINE Bus EXITING
[11/Nov/2011:12:02:55] ENGINE Bus EXITED
[11/Nov/2011:12:03:03] ENGINE Listening for SIGHUP.
[11/Nov/2011:12:03:03] ENGINE Listening for SIGTERM.
[11/Nov/2011:12:03:03] ENGINE Listening for SIGUSR1.
[11/Nov/2011:12:03:03] ENGINE Bus STARTING
[11/Nov/2011:12:03:03] ENGINE Started monitor thread '_TimeoutMonitor'.
[11/Nov/2011:12:03:03] ENGINE Started monitor thread 'Autoreloader'.
[11/Nov/2011:12:03:08] ENGINE Error in 'start' listener <bound method Server.start of <cherrypy._cpserver.Server object at 0x976c1ec>>
Traceback (most recent call last):
  File "/usr/local/lib/python2.6/dist-packages/CherryPy-3.2.2-py2.6.egg/cherrypy/process/wspbus.py", line 197, in publish
    output.append(listener(*args, **kwargs))
  File "/usr/local/lib/python2.6/dist-packages/CherryPy-3.2.2-py2.6.egg/cherrypy/_cpserver.py", line 151, in start
    ServerAdapter.start(self)
  File "/usr/local/lib/python2.6/dist-packages/CherryPy-3.2.2-py2.6.egg/cherrypy/process/servers.py", line 167, in start
    wait_for_free_port(*self.bind_addr)
  File "/usr/local/lib/python2.6/dist-packages/CherryPy-3.2.2-py2.6.egg/cherrypy/process/servers.py", line 410, in wait_for_free_port
    raise IOError("Port %r not free on %r" % (port, host))
IOError: Port 8080 not free on '127.0.0.1'

[11/Nov/2011:12:03:08] ENGINE Shutting down due to error in start listener:
Traceback (most recent call last):
  File "/usr/local/lib/python2.6/dist-packages/CherryPy-3.2.2-py2.6.egg/cherrypy/process/wspbus.py", line 235, in start
    self.publish('start')
  File "/usr/local/lib/python2.6/dist-packages/CherryPy-3.2.2-py2.6.egg/cherrypy/process/wspbus.py", line 215, in publish
    raise exc
ChannelFailures: IOError("Port 8080 not free on '127.0.0.1'",)

[11/Nov/2011:12:03:08] ENGINE Bus STOPPING
[11/Nov/2011:12:03:08] ENGINE HTTP Server cherrypy._cpwsgi_server.CPWSGIServer(('127.0.0.1', 8080)) already shut down
[11/Nov/2011:12:03:08] ENGINE Stopped thread '_TimeoutMonitor'.
[11/Nov/2011:12:03:08] ENGINE Stopped thread 'Autoreloader'.
[11/Nov/2011:12:03:08] ENGINE Bus STOPPED
[11/Nov/2011:12:03:08] ENGINE Bus EXITING
[11/Nov/2011:12:03:08] ENGINE Bus EXITED
[11/Nov/2011:12:04:42] ENGINE Listening for SIGHUP.
[11/Nov/2011:12:04:42] ENGINE Listening for SIGTERM.
[11/Nov/2011:12:04:42] ENGINE Listening for SIGUSR1.
[11/Nov/2011:12:04:42] ENGINE Bus STARTING
[11/Nov/2011:12:04:42] ENGINE Started monitor thread '_TimeoutMonitor'.
[11/Nov/2011:12:04:42] ENGINE Started monitor thread 'Autoreloader'.
[11/Nov/2011:12:04:42] ENGINE Serving on localhost:8000
[11/Nov/2011:12:04:42] ENGINE Bus STARTED
[11/Nov/2011:12:06:49] ENGINE Restarting because /home/dbarua/Python/Um_Browser/November/v12/user_model_browser.py changed.
[11/Nov/2011:12:06:49] ENGINE Stopped thread 'Autoreloader'.
[11/Nov/2011:12:06:49] ENGINE Bus STOPPING
[11/Nov/2011:12:06:49] ENGINE HTTP Server cherrypy._cpwsgi_server.CPWSGIServer(('localhost', 8000)) shut down
[11/Nov/2011:12:06:49] ENGINE Stopped thread '_TimeoutMonitor'.
[11/Nov/2011:12:06:49] ENGINE Bus STOPPED
[11/Nov/2011:12:06:49] ENGINE Bus EXITING
[11/Nov/2011:12:06:49] ENGINE Bus EXITED
[11/Nov/2011:12:06:49] ENGINE Waiting for child threads to terminate...
[11/Nov/2011:12:06:49] ENGINE Re-spawning user_model_browser.py
[11/Nov/2011:12:06:49] ENGINE Listening for SIGHUP.
[11/Nov/2011:12:06:49] ENGINE Listening for SIGTERM.
[11/Nov/2011:12:06:49] ENGINE Listening for SIGUSR1.
[11/Nov/2011:12:06:49] ENGINE Bus STARTING
[11/Nov/2011:12:06:49] ENGINE Started monitor thread '_TimeoutMonitor'.
[11/Nov/2011:12:06:49] ENGINE Started monitor thread 'Autoreloader'.
[11/Nov/2011:12:06:49] ENGINE Serving on localhost:8000
[11/Nov/2011:12:06:49] ENGINE Bus STARTED
[11/Nov/2011:12:06:52] ENGINE Keyboard Interrupt: shutting down bus
[11/Nov/2011:12:06:52] ENGINE Bus STOPPING
[11/Nov/2011:12:06:52] ENGINE HTTP Server cherrypy._cpwsgi_server.CPWSGIServer(('localhost', 8000)) shut down
[11/Nov/2011:12:06:52] ENGINE Stopped thread '_TimeoutMonitor'.
[11/Nov/2011:12:06:52] ENGINE Stopped thread 'Autoreloader'.
[11/Nov/2011:12:06:52] ENGINE Bus STOPPED
[11/Nov/2011:12:06:52] ENGINE Bus EXITING
[11/Nov/2011:12:06:52] ENGINE Bus EXITED
[11/Nov/2011:12:06:52] ENGINE Waiting for child threads to terminate...
[11/Nov/2011:12:06:52] ENGINE Bus STARTING
[11/Nov/2011:12:06:52] ENGINE Started monitor thread '_TimeoutMonitor'.
[11/Nov/2011:12:06:52] ENGINE Started monitor thread 'Autoreloader'.
[11/Nov/2011:12:06:52] ENGINE Serving on localhost:8000
[11/Nov/2011:12:06:52] ENGINE Bus STARTED
[11/Nov/2011:12:11:11] ENGINE Restarting because app.conf changed.
[11/Nov/2011:12:11:11] ENGINE Stopped thread 'Autoreloader'.
[11/Nov/2011:12:11:11] ENGINE Bus STOPPING
[11/Nov/2011:12:11:11] ENGINE Bus STOPPING
[11/Nov/2011:12:11:11] ENGINE HTTP Server cherrypy._cpwsgi_server.CPWSGIServer(('127.0.0.1', 8080)) shut down
[11/Nov/2011:12:11:11] ENGINE Stopped thread '_TimeoutMonitor'.
[11/Nov/2011:12:11:11] ENGINE Stopped thread 'Autoreloader'.
[11/Nov/2011:12:11:11] ENGINE Bus STOPPED
[11/Nov/2011:12:11:11] ENGINE Bus EXITING
[11/Nov/2011:12:11:11] ENGINE Bus EXITED
[11/Nov/2011:12:12:20] ENGINE Restarting because global.conf changed.
[11/Nov/2011:12:12:20] ENGINE Stopped thread 'Autoreloader'.
[11/Nov/2011:12:12:20] ENGINE Bus STOPPING
[11/Nov/2011:12:12:20] ENGINE Bus STOPPING
[11/Nov/2011:12:12:20] ENGINE HTTP Server cherrypy._cpwsgi_server.CPWSGIServer(('localhost', 8000)) shut down
[11/Nov/2011:12:12:20] ENGINE Stopped thread '_TimeoutMonitor'.
[11/Nov/2011:12:12:20] ENGINE Bus STOPPED
[11/Nov/2011:12:12:20] ENGINE Bus EXITING
[11/Nov/2011:12:12:20] ENGINE Bus EXITED
[11/Nov/2011:12:12:20] ENGINE HTTP Server cherrypy._cpwsgi_server.CPWSGIServer(('localhost', 8000)) shut down
[11/Nov/2011:12:12:20] ENGINE No thread running for None.
[11/Nov/2011:12:12:20] ENGINE No thread running for None.
[11/Nov/2011:12:12:20] ENGINE Bus STOPPED
[11/Nov/2011:12:12:20] ENGINE Bus EXITING
[11/Nov/2011:12:12:20] ENGINE Bus EXITED
[22/Jun/2012:16:12:47] ENGINE Bus STARTING
[22/Jun/2012:16:12:47] ENGINE Started monitor thread '_TimeoutMonitor'.
[22/Jun/2012:16:12:47] ENGINE Started monitor thread 'Autoreloader'.
[22/Jun/2012:16:12:47] ENGINE Serving on enterprise.it.usyd.edu.au:8000
[22/Jun/2012:16:12:47] ENGINE Bus STARTED
[22/Jun/2012:16:13:02] ENGINE Restarting because /home/jbu/src/Mneme/Mneme_v2/main_new.py changed.
[22/Jun/2012:16:13:02] ENGINE Stopped thread 'Autoreloader'.
[22/Jun/2012:16:13:02] ENGINE Bus STOPPING
[22/Jun/2012:16:13:02] ENGINE HTTP Server cherrypy._cpwsgi_server.CPWSGIServer(('enterprise.it.usyd.edu.au', 8000)) shut down
[22/Jun/2012:16:13:02] ENGINE Stopped thread '_TimeoutMonitor'.
[22/Jun/2012:16:13:02] ENGINE Bus STOPPED
[22/Jun/2012:16:13:02] ENGINE Bus EXITING
[22/Jun/2012:16:13:02] ENGINE Bus EXITED
[22/Jun/2012:16:13:02] ENGINE Waiting for child threads to terminate...
[22/Jun/2012:16:13:02] ENGINE Re-spawning main_new.py --appconfig app.jbu.conf --globalconfig global.jbu.conf
[22/Jun/2012:16:13:02] ENGINE Bus STARTING
[22/Jun/2012:16:13:02] ENGINE Started monitor thread '_TimeoutMonitor'.
[22/Jun/2012:16:13:02] ENGINE Started monitor thread 'Autoreloader'.
[22/Jun/2012:16:13:03] ENGINE Serving on enterprise.it.usyd.edu.au:8000
[22/Jun/2012:16:13:03] ENGINE Bus STARTED
[22/Jun/2012:16:14:07] ENGINE Keyboard Interrupt: shutting down bus
[22/Jun/2012:16:14:07] ENGINE Bus STOPPING
[22/Jun/2012:16:14:07] ENGINE HTTP Server cherrypy._cpwsgi_server.CPWSGIServer(('enterprise.it.usyd.edu.au', 8000)) shut down
[22/Jun/2012:16:14:07] ENGINE Stopped thread 'Autoreloader'.
[22/Jun/2012:16:14:07] ENGINE Stopped thread '_TimeoutMonitor'.
[22/Jun/2012:16:14:07] ENGINE Bus STOPPED
[22/Jun/2012:16:14:07] ENGINE Bus EXITING
[22/Jun/2012:16:14:07] ENGINE Bus EXITED
[22/Jun/2012:16:14:07] ENGINE Waiting for child threads to terminate...
[22/Jun/2012:16:18:46] ENGINE Bus STARTING
[22/Jun/2012:16:18:46] ENGINE Started monitor thread '_TimeoutMonitor'.
[22/Jun/2012:16:18:46] ENGINE Started monitor thread 'Autoreloader'.
[22/Jun/2012:16:18:46] ENGINE Serving on enterprise.it.usyd.edu.au:8000
[22/Jun/2012:16:18:46] ENGINE Bus STARTED
[22/Jun/2012:16:19:08] ENGINE Keyboard Interrupt: shutting down bus
[22/Jun/2012:16:19:08] ENGINE Bus STOPPING
[22/Jun/2012:16:19:08] ENGINE HTTP Server cherrypy._cpwsgi_server.CPWSGIServer(('enterprise.it.usyd.edu.au', 8000)) shut down
[22/Jun/2012:16:19:08] ENGINE Stopped thread 'Autoreloader'.
[22/Jun/2012:16:19:08] ENGINE Stopped thread '_TimeoutMonitor'.
[22/Jun/2012:16:19:08] ENGINE Bus STOPPED
[22/Jun/2012:16:19:08] ENGINE Bus EXITING
[22/Jun/2012:16:19:08] ENGINE Bus EXITED
[22/Jun/2012:16:19:08] ENGINE Waiting for child threads to terminate...
[22/Jun/2012:16:19:36] ENGINE Bus STARTING
[22/Jun/2012:16:19:36] ENGINE Started monitor thread '_TimeoutMonitor'.
[22/Jun/2012:16:19:36] ENGINE Started monitor thread 'Autoreloader'.
[22/Jun/2012:16:19:36] ENGINE Serving on enterprise.it.usyd.edu.au:8000
[22/Jun/2012:16:19:36] ENGINE Bus STARTED
[22/Jun/2012:16:19:42] ENGINE Started monitor thread 'Session cleanup'.
[22/Jun/2012:16:19:58] HTTP 
Request Headers:
  COOKIE: __utmz=223117855.1340325923.2.2.utmccn=(organic)|utmcsr=google|utmctr=|utmcmd=organic; __utma=223117855.1852253725.1340243770.1340325923.1340330096.3; __utmc=223117855; session_id=8c06e8b5485b178d1c31d68a6d2b6b5004b15e9d
  HOST: enterprise.it.usyd.edu.au:8000
  CONNECTION: keep-alive
  Remote-Addr: 129.78.8.92
  ACCEPT: text/html,application/xhtml+xml,application/xml;q=0.9,*/*;q=0.8
  ACCEPT-CHARSET: ISO-8859-1,utf-8;q=0.7,*;q=0.3
  USER-AGENT: Mozilla/5.0 (X11; Linux i686) AppleWebKit/536.11 (KHTML, like Gecko) Chrome/20.0.1132.27 Safari/536.11
  ACCEPT-LANGUAGE: en-GB,en-US;q=0.8,en;q=0.6
  ACCEPT-ENCODING: gzip,deflate,sdch
[22/Jun/2012:16:19:58] HTTP Traceback (most recent call last):
  File "/usr/lib/python2.7/dist-packages/cherrypy/_cprequest.py", line 656, in respond
    response.body = self.handler()
  File "/usr/lib/python2.7/dist-packages/cherrypy/lib/encoding.py", line 188, in __call__
    self.body = self.oldhandler(*args, **kwargs)
  File "/usr/lib/python2.7/dist-packages/cherrypy/_cpdispatch.py", line 34, in __call__
    return self.callable(*self.args, **self.kwargs)
  File "main_new.py", line 200, in greetUser
    personis_um.tell_login_time('log-in')
AttributeError: 'NoneType' object has no attribute 'tell_login_time'

[22/Jun/2012:16:21:57] ENGINE Restarting because /home/jbu/src/Mneme/Mneme_v2/main_new.py changed.
[22/Jun/2012:16:21:57] ENGINE Stopped thread 'Autoreloader'.
[22/Jun/2012:16:21:57] ENGINE Bus STOPPING
[22/Jun/2012:16:21:57] ENGINE HTTP Server cherrypy._cpwsgi_server.CPWSGIServer(('enterprise.it.usyd.edu.au', 8000)) shut down
[22/Jun/2012:16:21:57] ENGINE Stopped thread 'Session cleanup'.
[22/Jun/2012:16:21:57] ENGINE Stopped thread '_TimeoutMonitor'.
[22/Jun/2012:16:21:57] ENGINE Bus STOPPED
[22/Jun/2012:16:21:57] ENGINE Bus EXITING
[22/Jun/2012:16:21:57] ENGINE Bus EXITED
[22/Jun/2012:16:21:57] ENGINE Waiting for child threads to terminate...
[22/Jun/2012:16:21:57] ENGINE Re-spawning main_new.py --appconfig app.jbu.conf --globalconfig global.jbu.conf
[22/Jun/2012:16:21:57] ENGINE Bus STARTING
[22/Jun/2012:16:21:57] ENGINE Started monitor thread '_TimeoutMonitor'.
[22/Jun/2012:16:21:57] ENGINE Started monitor thread 'Autoreloader'.
[22/Jun/2012:16:21:57] ENGINE Serving on enterprise.it.usyd.edu.au:8000
[22/Jun/2012:16:21:57] ENGINE Bus STARTED
[22/Jun/2012:16:22:11] ENGINE Started monitor thread 'Session cleanup'.
[22/Jun/2012:16:29:00] ENGINE Keyboard Interrupt: shutting down bus
[22/Jun/2012:16:29:00] ENGINE Bus STOPPING
[22/Jun/2012:16:29:00] ENGINE HTTP Server cherrypy._cpwsgi_server.CPWSGIServer(('enterprise.it.usyd.edu.au', 8000)) shut down
[22/Jun/2012:16:29:00] ENGINE Stopped thread 'Autoreloader'.
[22/Jun/2012:16:29:00] ENGINE Stopped thread 'Session cleanup'.
[22/Jun/2012:16:29:00] ENGINE Stopped thread '_TimeoutMonitor'.
[22/Jun/2012:16:29:00] ENGINE Bus STOPPED
[22/Jun/2012:16:29:00] ENGINE Bus EXITING
[22/Jun/2012:16:29:00] ENGINE Bus EXITED
[22/Jun/2012:16:29:00] ENGINE Waiting for child threads to terminate...
[22/Jun/2012:16:30:11] ENGINE Bus STARTING
[22/Jun/2012:16:30:11] ENGINE Started monitor thread '_TimeoutMonitor'.
[22/Jun/2012:16:30:11] ENGINE Started monitor thread 'Autoreloader'.
[22/Jun/2012:16:30:11] ENGINE Serving on enterprise.it.usyd.edu.au:8000
[22/Jun/2012:16:30:11] ENGINE Bus STARTED
[22/Jun/2012:16:30:23] ENGINE Started monitor thread 'Session cleanup'.
[22/Jun/2012:16:37:47] ENGINE Restarting because /home/jbu/src/Mneme/Mneme_v2/main_new.py changed.
[22/Jun/2012:16:37:47] ENGINE Stopped thread 'Autoreloader'.
[22/Jun/2012:16:37:47] ENGINE Bus STOPPING
[22/Jun/2012:16:37:47] ENGINE HTTP Server cherrypy._cpwsgi_server.CPWSGIServer(('enterprise.it.usyd.edu.au', 8000)) shut down
[22/Jun/2012:16:37:47] ENGINE Stopped thread 'Session cleanup'.
[22/Jun/2012:16:37:47] ENGINE Stopped thread '_TimeoutMonitor'.
[22/Jun/2012:16:37:47] ENGINE Bus STOPPED
[22/Jun/2012:16:37:47] ENGINE Bus EXITING
[22/Jun/2012:16:37:47] ENGINE Bus EXITED
[22/Jun/2012:16:37:47] ENGINE Waiting for child threads to terminate...
[22/Jun/2012:16:37:47] ENGINE Re-spawning main_new.py --appconfig app.jbu.conf --globalconfig global.jbu.conf
[22/Jun/2012:16:37:47] ENGINE Bus STARTING
[22/Jun/2012:16:37:47] ENGINE Started monitor thread '_TimeoutMonitor'.
[22/Jun/2012:16:37:47] ENGINE Started monitor thread 'Autoreloader'.
[22/Jun/2012:16:37:48] ENGINE Serving on enterprise.it.usyd.edu.au:8000
[22/Jun/2012:16:37:48] ENGINE Bus STARTED
[22/Jun/2012:16:37:57] ENGINE Restarting because /home/jbu/src/Mneme/Mneme_v2/main_new.py changed.
[22/Jun/2012:16:37:57] ENGINE Stopped thread 'Autoreloader'.
[22/Jun/2012:16:37:57] ENGINE Bus STOPPING
[22/Jun/2012:16:37:57] ENGINE HTTP Server cherrypy._cpwsgi_server.CPWSGIServer(('enterprise.it.usyd.edu.au', 8000)) shut down
[22/Jun/2012:16:37:57] ENGINE Stopped thread '_TimeoutMonitor'.
[22/Jun/2012:16:37:57] ENGINE Bus STOPPED
[22/Jun/2012:16:37:57] ENGINE Bus EXITING
[22/Jun/2012:16:37:57] ENGINE Bus EXITED
[22/Jun/2012:16:37:57] ENGINE Waiting for child threads to terminate...
[22/Jun/2012:16:37:57] ENGINE Re-spawning main_new.py --appconfig app.jbu.conf --globalconfig global.jbu.conf
[22/Jun/2012:16:37:58] ENGINE Bus STARTING
[22/Jun/2012:16:37:58] ENGINE Started monitor thread '_TimeoutMonitor'.
[22/Jun/2012:16:37:58] ENGINE Started monitor thread 'Autoreloader'.
[22/Jun/2012:16:37:58] ENGINE Serving on enterprise.it.usyd.edu.au:8000
[22/Jun/2012:16:37:58] ENGINE Bus STARTED
[22/Jun/2012:16:38:06] ENGINE Started monitor thread 'Session cleanup'.
[22/Jun/2012:16:38:14] HTTP 
Request Headers:
  REFERER: http://enterprise.it.usyd.edu.au:8000/
  HOST: enterprise.it.usyd.edu.au:8000
  CONNECTION: keep-alive
  Remote-Addr: 129.78.8.92
  ACCEPT: text/html,application/xhtml+xml,application/xml;q=0.9,*/*;q=0.8
  ACCEPT-CHARSET: ISO-8859-1,utf-8;q=0.7,*;q=0.3
  USER-AGENT: Mozilla/5.0 (X11; Linux i686) AppleWebKit/536.11 (KHTML, like Gecko) Chrome/20.0.1132.27 Safari/536.11
  COOKIE: __utmz=223117855.1340325923.2.2.utmccn=(organic)|utmcsr=google|utmctr=|utmcmd=organic; __utma=223117855.1852253725.1340243770.1340325923.1340330096.3; __utmc=223117855; session_id=60decf56491ceef3a30115f5a032173693e27ed7
  ACCEPT-LANGUAGE: en-GB,en-US;q=0.8,en;q=0.6
  ACCEPT-ENCODING: gzip,deflate,sdch
[22/Jun/2012:16:38:14] HTTP Traceback (most recent call last):
  File "/usr/lib/python2.7/dist-packages/cherrypy/_cprequest.py", line 656, in respond
    response.body = self.handler()
  File "/usr/lib/python2.7/dist-packages/cherrypy/lib/encoding.py", line 188, in __call__
    self.body = self.oldhandler(*args, **kwargs)
  File "/usr/lib/python2.7/dist-packages/cherrypy/_cpdispatch.py", line 34, in __call__
    return self.callable(*self.args, **self.kwargs)
  File "main_new.py", line 87, in wrapper
    res = func(*arg)
  File "main_new.py", line 253, in browse
    genshi_tmpl = LoadGenshiTemplate(self.__curSession, self.username, self.browser_activities)
AttributeError: WelcomePage instance has no attribute 'username'

[22/Jun/2012:16:41:23] ENGINE Restarting because /home/jbu/src/Mneme/Mneme_v2/main_new.py changed.
[22/Jun/2012:16:41:23] ENGINE Stopped thread 'Autoreloader'.
[22/Jun/2012:16:41:23] ENGINE Bus STOPPING
[22/Jun/2012:16:41:23] ENGINE HTTP Server cherrypy._cpwsgi_server.CPWSGIServer(('enterprise.it.usyd.edu.au', 8000)) shut down
[22/Jun/2012:16:41:23] ENGINE Stopped thread '_TimeoutMonitor'.
[22/Jun/2012:16:41:23] ENGINE Stopped thread 'Session cleanup'.
[22/Jun/2012:16:41:23] ENGINE Bus STOPPED
[22/Jun/2012:16:41:23] ENGINE Bus EXITING
[22/Jun/2012:16:41:23] ENGINE Bus EXITED
[22/Jun/2012:16:41:23] ENGINE Waiting for child threads to terminate...
[22/Jun/2012:16:41:23] ENGINE Re-spawning main_new.py --appconfig app.jbu.conf --globalconfig global.jbu.conf
[22/Jun/2012:16:41:23] ENGINE Bus STARTING
[22/Jun/2012:16:41:23] ENGINE Started monitor thread '_TimeoutMonitor'.
[22/Jun/2012:16:41:23] ENGINE Started monitor thread 'Autoreloader'.
[22/Jun/2012:16:41:23] ENGINE Serving on enterprise.it.usyd.edu.au:8000
[22/Jun/2012:16:41:23] ENGINE Bus STARTED
[22/Jun/2012:16:43:59] ENGINE Restarting because /home/jbu/src/Mneme/Mneme_v2/main_new.py changed.
[22/Jun/2012:16:43:59] ENGINE Stopped thread 'Autoreloader'.
[22/Jun/2012:16:43:59] ENGINE Bus STOPPING
[22/Jun/2012:16:43:59] ENGINE HTTP Server cherrypy._cpwsgi_server.CPWSGIServer(('enterprise.it.usyd.edu.au', 8000)) shut down
[22/Jun/2012:16:43:59] ENGINE Stopped thread '_TimeoutMonitor'.
[22/Jun/2012:16:43:59] ENGINE Bus STOPPED
[22/Jun/2012:16:43:59] ENGINE Bus EXITING
[22/Jun/2012:16:43:59] ENGINE Bus EXITED
[22/Jun/2012:16:43:59] ENGINE Waiting for child threads to terminate...
[22/Jun/2012:16:43:59] ENGINE Re-spawning main_new.py --appconfig app.jbu.conf --globalconfig global.jbu.conf
[22/Jun/2012:16:43:59] ENGINE Bus STARTING
[22/Jun/2012:16:43:59] ENGINE Started monitor thread 'Autoreloader'.
[22/Jun/2012:16:43:59] ENGINE Started monitor thread '_TimeoutMonitor'.
[22/Jun/2012:16:43:59] ENGINE Serving on enterprise.it.usyd.edu.au:8000
[22/Jun/2012:16:43:59] ENGINE Bus STARTED
[22/Jun/2012:16:44:08] ENGINE Started monitor thread 'Session cleanup'.
[22/Jun/2012:16:44:40] ENGINE Keyboard Interrupt: shutting down bus
[22/Jun/2012:16:44:40] ENGINE Bus STOPPING
[22/Jun/2012:16:44:45] ENGINE HTTP Server cherrypy._cpwsgi_server.CPWSGIServer(('enterprise.it.usyd.edu.au', 8000)) shut down
[22/Jun/2012:16:44:45] ENGINE Stopped thread 'Autoreloader'.
[22/Jun/2012:16:44:45] ENGINE Stopped thread '_TimeoutMonitor'.
[22/Jun/2012:16:44:45] ENGINE Stopped thread 'Session cleanup'.
[22/Jun/2012:16:44:45] ENGINE Bus STOPPED
[22/Jun/2012:16:44:45] ENGINE Bus EXITING
[22/Jun/2012:16:44:45] ENGINE Bus EXITED
[22/Jun/2012:16:44:45] ENGINE Waiting for child threads to terminate...
[22/Jun/2012:16:44:45] ENGINE Waiting for thread CP Server Thread-10.
