[11/Nov/2011:11:47:19] ENGINE Listening for SIGHUP.
[11/Nov/2011:11:47:19] ENGINE Listening for SIGTERM.
[11/Nov/2011:11:47:19] ENGINE Listening for SIGUSR1.
[11/Nov/2011:11:47:19] ENGINE Bus STARTING
[11/Nov/2011:11:47:19] ENGINE Started monitor thread '_TimeoutMonitor'.
[11/Nov/2011:11:47:19] ENGINE Started monitor thread 'Autoreloader'.
[11/Nov/2011:11:47:19] ENGINE Serving on 127.0.0.1:8080
[11/Nov/2011:11:47:19] ENGINE Bus STARTED
[11/Nov/2011:11:48:49] ENGINE Restarting because /home/dbarua/Python/Um_Browser/November/v12/user_model_browser.py changed.
[11/Nov/2011:11:48:49] ENGINE Stopped thread 'Autoreloader'.
[11/Nov/2011:11:48:49] ENGINE Bus STOPPING
[11/Nov/2011:11:48:49] ENGINE HTTP Server cherrypy._cpwsgi_server.CPWSGIServer(('127.0.0.1', 8080)) shut down
[11/Nov/2011:11:48:49] ENGINE Stopped thread '_TimeoutMonitor'.
[11/Nov/2011:11:48:49] ENGINE Bus STOPPED
[11/Nov/2011:11:48:49] ENGINE Bus EXITING
[11/Nov/2011:11:48:49] ENGINE Bus EXITED
[11/Nov/2011:11:48:49] ENGINE Waiting for child threads to terminate...
[11/Nov/2011:11:48:49] ENGINE Re-spawning user_model_browser.py
[11/Nov/2011:11:48:49] ENGINE Listening for SIGHUP.
[11/Nov/2011:11:48:49] ENGINE Listening for SIGTERM.
[11/Nov/2011:11:48:49] ENGINE Listening for SIGUSR1.
[11/Nov/2011:11:48:49] ENGINE Bus STARTING
[11/Nov/2011:11:48:49] ENGINE Started monitor thread '_TimeoutMonitor'.
[11/Nov/2011:11:48:49] ENGINE Started monitor thread 'Autoreloader'.
[11/Nov/2011:11:48:49] ENGINE Serving on 127.0.0.1:8080
[11/Nov/2011:11:48:49] ENGINE Bus STARTED
[11/Nov/2011:11:48:50] ENGINE Keyboard Interrupt: shutting down bus
[11/Nov/2011:11:48:50] ENGINE Bus STOPPING
[11/Nov/2011:11:48:50] ENGINE HTTP Server cherrypy._cpwsgi_server.CPWSGIServer(('127.0.0.1', 8080)) shut down
[11/Nov/2011:11:48:50] ENGINE Stopped thread '_TimeoutMonitor'.
[11/Nov/2011:11:48:50] ENGINE Stopped thread 'Autoreloader'.
[11/Nov/2011:11:48:50] ENGINE Bus STOPPED
[11/Nov/2011:11:48:50] ENGINE Bus EXITING
[11/Nov/2011:11:48:50] ENGINE Bus EXITED
[11/Nov/2011:11:48:50] ENGINE Waiting for child threads to terminate...
[11/Nov/2011:11:48:50] ENGINE Bus STARTING
[11/Nov/2011:11:48:50] ENGINE Started monitor thread '_TimeoutMonitor'.
[11/Nov/2011:11:48:50] ENGINE Started monitor thread 'Autoreloader'.
[11/Nov/2011:11:48:51] ENGINE Serving on 127.0.0.1:8080
[11/Nov/2011:11:48:51] ENGINE Bus STARTED
[11/Nov/2011:11:52:31] ENGINE Listening for SIGHUP.
[11/Nov/2011:11:52:31] ENGINE Listening for SIGTERM.
[11/Nov/2011:11:52:31] ENGINE Listening for SIGUSR1.
[11/Nov/2011:11:52:31] ENGINE Bus STARTING
[11/Nov/2011:11:52:31] ENGINE Started monitor thread '_TimeoutMonitor'.
[11/Nov/2011:11:52:31] ENGINE Started monitor thread 'Autoreloader'.
[11/Nov/2011:11:52:36] ENGINE Error in 'start' listener <bound method Server.start of <cherrypy._cpserver.Server object at 0x8b471cc>>
Traceback (most recent call last):
  File "/usr/local/lib/python2.6/dist-packages/CherryPy-3.2.2-py2.6.egg/cherrypy/process/wspbus.py", line 197, in publish
    output.append(listener(*args, **kwargs))
  File "/usr/local/lib/python2.6/dist-packages/CherryPy-3.2.2-py2.6.egg/cherrypy/_cpserver.py", line 151, in start
    ServerAdapter.start(self)
  File "/usr/local/lib/python2.6/dist-packages/CherryPy-3.2.2-py2.6.egg/cherrypy/process/servers.py", line 167, in start
    wait_for_free_port(*self.bind_addr)
  File "/usr/local/lib/python2.6/dist-packages/CherryPy-3.2.2-py2.6.egg/cherrypy/process/servers.py", line 410, in wait_for_free_port
    raise IOError("Port %r not free on %r" % (port, host))
IOError: Port 8080 not free on '127.0.0.1'

[11/Nov/2011:11:52:36] ENGINE Shutting down due to error in start listener:
Traceback (most recent call last):
  File "/usr/local/lib/python2.6/dist-packages/CherryPy-3.2.2-py2.6.egg/cherrypy/process/wspbus.py", line 235, in start
    self.publish('start')
  File "/usr/local/lib/python2.6/dist-packages/CherryPy-3.2.2-py2.6.egg/cherrypy/process/wspbus.py", line 215, in publish
    raise exc
ChannelFailures: IOError("Port 8080 not free on '127.0.0.1'",)

[11/Nov/2011:11:52:36] ENGINE Bus STOPPING
[11/Nov/2011:11:52:36] ENGINE HTTP Server cherrypy._cpwsgi_server.CPWSGIServer(('127.0.0.1', 8080)) already shut down
[11/Nov/2011:11:52:36] ENGINE Stopped thread '_TimeoutMonitor'.
[11/Nov/2011:11:52:36] ENGINE Stopped thread 'Autoreloader'.
[11/Nov/2011:11:52:36] ENGINE Bus STOPPED
[11/Nov/2011:11:52:36] ENGINE Bus EXITING
[11/Nov/2011:11:52:36] ENGINE Bus EXITED
[11/Nov/2011:11:52:51] ENGINE Restarting because tutorial.conf changed.
[11/Nov/2011:11:52:51] ENGINE Stopped thread 'Autoreloader'.
[11/Nov/2011:11:52:51] ENGINE Bus STOPPING
[11/Nov/2011:11:52:51] ENGINE Bus STOPPING
[11/Nov/2011:11:52:51] ENGINE HTTP Server cherrypy._cpwsgi_server.CPWSGIServer(('127.0.0.1', 8080)) shut down
[11/Nov/2011:11:52:51] ENGINE Stopped thread '_TimeoutMonitor'.
[11/Nov/2011:11:52:51] ENGINE Bus STOPPED
[11/Nov/2011:11:52:51] ENGINE Bus EXITING
[11/Nov/2011:11:52:51] ENGINE Bus EXITED
[11/Nov/2011:11:52:51] ENGINE HTTP Server cherrypy._cpwsgi_server.CPWSGIServer(('127.0.0.1', 8080)) shut down
[11/Nov/2011:11:52:51] ENGINE No thread running for None.
[11/Nov/2011:11:52:51] ENGINE No thread running for None.
[11/Nov/2011:11:52:51] ENGINE Bus STOPPED
[11/Nov/2011:11:52:51] ENGINE Bus EXITING
[11/Nov/2011:11:52:51] ENGINE Bus EXITED
[11/Nov/2011:11:52:54] ENGINE Listening for SIGHUP.
[11/Nov/2011:11:52:54] ENGINE Listening for SIGTERM.
[11/Nov/2011:11:52:54] ENGINE Listening for SIGUSR1.
[11/Nov/2011:11:52:54] ENGINE Bus STARTING
[11/Nov/2011:11:52:54] ENGINE Started monitor thread '_TimeoutMonitor'.
[11/Nov/2011:11:52:54] ENGINE Started monitor thread 'Autoreloader'.
[11/Nov/2011:11:52:54] ENGINE Serving on 127.0.0.1:8080
[11/Nov/2011:11:52:54] ENGINE Bus STARTED
[11/Nov/2011:11:54:24] ENGINE Restarting because /home/dbarua/Python/Um_Browser/November/v12/user_model_browser.py changed.
[11/Nov/2011:11:54:24] ENGINE Stopped thread 'Autoreloader'.
[11/Nov/2011:11:54:24] ENGINE Bus STOPPING
[11/Nov/2011:11:54:24] ENGINE HTTP Server cherrypy._cpwsgi_server.CPWSGIServer(('127.0.0.1', 8080)) shut down
[11/Nov/2011:11:54:24] ENGINE Stopped thread '_TimeoutMonitor'.
[11/Nov/2011:11:54:24] ENGINE Bus STOPPED
[11/Nov/2011:11:54:24] ENGINE Bus EXITING
[11/Nov/2011:11:54:24] ENGINE Bus EXITED
[11/Nov/2011:11:54:24] ENGINE Waiting for child threads to terminate...
[11/Nov/2011:11:54:24] ENGINE Re-spawning user_model_browser.py
[11/Nov/2011:11:54:24] ENGINE Listening for SIGHUP.
[11/Nov/2011:11:54:24] ENGINE Listening for SIGTERM.
[11/Nov/2011:11:54:24] ENGINE Listening for SIGUSR1.
[11/Nov/2011:11:54:24] ENGINE Bus STARTING
[11/Nov/2011:11:54:24] ENGINE Started monitor thread '_TimeoutMonitor'.
[11/Nov/2011:11:54:24] ENGINE Started monitor thread 'Autoreloader'.
[11/Nov/2011:11:54:24] ENGINE Serving on 127.0.0.1:8080
[11/Nov/2011:11:54:24] ENGINE Bus STARTED
[11/Nov/2011:11:54:30] ENGINE Keyboard Interrupt: shutting down bus
[11/Nov/2011:11:54:30] ENGINE Bus STOPPING
[11/Nov/2011:11:54:30] ENGINE HTTP Server cherrypy._cpwsgi_server.CPWSGIServer(('127.0.0.1', 8080)) shut down
[11/Nov/2011:11:54:30] ENGINE Stopped thread '_TimeoutMonitor'.
[11/Nov/2011:11:54:30] ENGINE Stopped thread 'Autoreloader'.
[11/Nov/2011:11:54:30] ENGINE Bus STOPPED
[11/Nov/2011:11:54:30] ENGINE Bus EXITING
[11/Nov/2011:11:54:30] ENGINE Bus EXITED
[11/Nov/2011:11:54:30] ENGINE Waiting for child threads to terminate...
[11/Nov/2011:11:54:30] ENGINE Bus STARTING
[11/Nov/2011:11:54:30] ENGINE Started monitor thread '_TimeoutMonitor'.
[11/Nov/2011:11:54:30] ENGINE Started monitor thread 'Autoreloader'.
[11/Nov/2011:11:54:30] ENGINE Serving on 127.0.0.1:8080
[11/Nov/2011:11:54:30] ENGINE Bus STARTED
[11/Nov/2011:12:02:50] ENGINE Listening for SIGHUP.
[11/Nov/2011:12:02:50] ENGINE Listening for SIGTERM.
[11/Nov/2011:12:02:50] ENGINE Listening for SIGUSR1.
[11/Nov/2011:12:02:50] ENGINE Bus STARTING
[11/Nov/2011:12:02:50] ENGINE Started monitor thread '_TimeoutMonitor'.
[11/Nov/2011:12:02:50] ENGINE Started monitor thread 'Autoreloader'.
[11/Nov/2011:12:02:55] ENGINE Error in 'start' listener <bound method Server.start of <cherrypy._cpserver.Server object at 0x95961ec>>
Traceback (most recent call last):
  File "/usr/local/lib/python2.6/dist-packages/CherryPy-3.2.2-py2.6.egg/cherrypy/process/wspbus.py", line 197, in publish
    output.append(listener(*args, **kwargs))
  File "/usr/local/lib/python2.6/dist-packages/CherryPy-3.2.2-py2.6.egg/cherrypy/_cpserver.py", line 151, in start
    ServerAdapter.start(self)
  File "/usr/local/lib/python2.6/dist-packages/CherryPy-3.2.2-py2.6.egg/cherrypy/process/servers.py", line 167, in start
    wait_for_free_port(*self.bind_addr)
  File "/usr/local/lib/python2.6/dist-packages/CherryPy-3.2.2-py2.6.egg/cherrypy/process/servers.py", line 410, in wait_for_free_port
    raise IOError("Port %r not free on %r" % (port, host))
IOError: Port 8080 not free on '127.0.0.1'

[11/Nov/2011:12:02:55] ENGINE Shutting down due to error in start listener:
Traceback (most recent call last):
  File "/usr/local/lib/python2.6/dist-packages/CherryPy-3.2.2-py2.6.egg/cherrypy/process/wspbus.py", line 235, in start
    self.publish('start')
  File "/usr/local/lib/python2.6/dist-packages/CherryPy-3.2.2-py2.6.egg/cherrypy/process/wspbus.py", line 215, in publish
    raise exc
ChannelFailures: IOError("Port 8080 not free on '127.0.0.1'",)

[11/Nov/2011:12:02:55] ENGINE Bus STOPPING
[11/Nov/2011:12:02:55] ENGINE HTTP Server cherrypy._cpwsgi_server.CPWSGIServer(('127.0.0.1', 8080)) already shut down
[11/Nov/2011:12:02:55] ENGINE Stopped thread '_TimeoutMonitor'.
[11/Nov/2011:12:02:55] ENGINE Stopped thread 'Autoreloader'.
[11/Nov/2011:12:02:55] ENGINE Bus STOPPED
[11/Nov/2011:12:02:55] ENGINE Bus EXITING
[11/Nov/2011:12:02:55] ENGINE Bus EXITED
[11/Nov/2011:12:03:03] ENGINE Listening for SIGHUP.
[11/Nov/2011:12:03:03] ENGINE Listening for SIGTERM.
[11/Nov/2011:12:03:03] ENGINE Listening for SIGUSR1.
[11/Nov/2011:12:03:03] ENGINE Bus STARTING
[11/Nov/2011:12:03:03] ENGINE Started monitor thread '_TimeoutMonitor'.
[11/Nov/2011:12:03:03] ENGINE Started monitor thread 'Autoreloader'.
[11/Nov/2011:12:03:08] ENGINE Error in 'start' listener <bound method Server.start of <cherrypy._cpserver.Server object at 0x976c1ec>>
Traceback (most recent call last):
  File "/usr/local/lib/python2.6/dist-packages/CherryPy-3.2.2-py2.6.egg/cherrypy/process/wspbus.py", line 197, in publish
    output.append(listener(*args, **kwargs))
  File "/usr/local/lib/python2.6/dist-packages/CherryPy-3.2.2-py2.6.egg/cherrypy/_cpserver.py", line 151, in start
    ServerAdapter.start(self)
  File "/usr/local/lib/python2.6/dist-packages/CherryPy-3.2.2-py2.6.egg/cherrypy/process/servers.py", line 167, in start
    wait_for_free_port(*self.bind_addr)
  File "/usr/local/lib/python2.6/dist-packages/CherryPy-3.2.2-py2.6.egg/cherrypy/process/servers.py", line 410, in wait_for_free_port
    raise IOError("Port %r not free on %r" % (port, host))
IOError: Port 8080 not free on '127.0.0.1'

[11/Nov/2011:12:03:08] ENGINE Shutting down due to error in start listener:
Traceback (most recent call last):
  File "/usr/local/lib/python2.6/dist-packages/CherryPy-3.2.2-py2.6.egg/cherrypy/process/wspbus.py", line 235, in start
    self.publish('start')
  File "/usr/local/lib/python2.6/dist-packages/CherryPy-3.2.2-py2.6.egg/cherrypy/process/wspbus.py", line 215, in publish
    raise exc
ChannelFailures: IOError("Port 8080 not free on '127.0.0.1'",)

[11/Nov/2011:12:03:08] ENGINE Bus STOPPING
[11/Nov/2011:12:03:08] ENGINE HTTP Server cherrypy._cpwsgi_server.CPWSGIServer(('127.0.0.1', 8080)) already shut down
[11/Nov/2011:12:03:08] ENGINE Stopped thread '_TimeoutMonitor'.
[11/Nov/2011:12:03:08] ENGINE Stopped thread 'Autoreloader'.
[11/Nov/2011:12:03:08] ENGINE Bus STOPPED
[11/Nov/2011:12:03:08] ENGINE Bus EXITING
[11/Nov/2011:12:03:08] ENGINE Bus EXITED
[11/Nov/2011:12:04:42] ENGINE Listening for SIGHUP.
[11/Nov/2011:12:04:42] ENGINE Listening for SIGTERM.
[11/Nov/2011:12:04:42] ENGINE Listening for SIGUSR1.
[11/Nov/2011:12:04:42] ENGINE Bus STARTING
[11/Nov/2011:12:04:42] ENGINE Started monitor thread '_TimeoutMonitor'.
[11/Nov/2011:12:04:42] ENGINE Started monitor thread 'Autoreloader'.
[11/Nov/2011:12:04:42] ENGINE Serving on localhost:8000
[11/Nov/2011:12:04:42] ENGINE Bus STARTED
[11/Nov/2011:12:06:49] ENGINE Restarting because /home/dbarua/Python/Um_Browser/November/v12/user_model_browser.py changed.
[11/Nov/2011:12:06:49] ENGINE Stopped thread 'Autoreloader'.
[11/Nov/2011:12:06:49] ENGINE Bus STOPPING
[11/Nov/2011:12:06:49] ENGINE HTTP Server cherrypy._cpwsgi_server.CPWSGIServer(('localhost', 8000)) shut down
[11/Nov/2011:12:06:49] ENGINE Stopped thread '_TimeoutMonitor'.
[11/Nov/2011:12:06:49] ENGINE Bus STOPPED
[11/Nov/2011:12:06:49] ENGINE Bus EXITING
[11/Nov/2011:12:06:49] ENGINE Bus EXITED
[11/Nov/2011:12:06:49] ENGINE Waiting for child threads to terminate...
[11/Nov/2011:12:06:49] ENGINE Re-spawning user_model_browser.py
[11/Nov/2011:12:06:49] ENGINE Listening for SIGHUP.
[11/Nov/2011:12:06:49] ENGINE Listening for SIGTERM.
[11/Nov/2011:12:06:49] ENGINE Listening for SIGUSR1.
[11/Nov/2011:12:06:49] ENGINE Bus STARTING
[11/Nov/2011:12:06:49] ENGINE Started monitor thread '_TimeoutMonitor'.
[11/Nov/2011:12:06:49] ENGINE Started monitor thread 'Autoreloader'.
[11/Nov/2011:12:06:49] ENGINE Serving on localhost:8000
[11/Nov/2011:12:06:49] ENGINE Bus STARTED
[11/Nov/2011:12:06:52] ENGINE Keyboard Interrupt: shutting down bus
[11/Nov/2011:12:06:52] ENGINE Bus STOPPING
[11/Nov/2011:12:06:52] ENGINE HTTP Server cherrypy._cpwsgi_server.CPWSGIServer(('localhost', 8000)) shut down
[11/Nov/2011:12:06:52] ENGINE Stopped thread '_TimeoutMonitor'.
[11/Nov/2011:12:06:52] ENGINE Stopped thread 'Autoreloader'.
[11/Nov/2011:12:06:52] ENGINE Bus STOPPED
[11/Nov/2011:12:06:52] ENGINE Bus EXITING
[11/Nov/2011:12:06:52] ENGINE Bus EXITED
[11/Nov/2011:12:06:52] ENGINE Waiting for child threads to terminate...
[11/Nov/2011:12:06:52] ENGINE Bus STARTING
[11/Nov/2011:12:06:52] ENGINE Started monitor thread '_TimeoutMonitor'.
[11/Nov/2011:12:06:52] ENGINE Started monitor thread 'Autoreloader'.
[11/Nov/2011:12:06:52] ENGINE Serving on localhost:8000
[11/Nov/2011:12:06:52] ENGINE Bus STARTED
[11/Nov/2011:12:11:11] ENGINE Restarting because app.conf changed.
[11/Nov/2011:12:11:11] ENGINE Stopped thread 'Autoreloader'.
[11/Nov/2011:12:11:11] ENGINE Bus STOPPING
[11/Nov/2011:12:11:11] ENGINE Bus STOPPING
[11/Nov/2011:12:11:11] ENGINE HTTP Server cherrypy._cpwsgi_server.CPWSGIServer(('127.0.0.1', 8080)) shut down
[11/Nov/2011:12:11:11] ENGINE Stopped thread '_TimeoutMonitor'.
[11/Nov/2011:12:11:11] ENGINE Stopped thread 'Autoreloader'.
[11/Nov/2011:12:11:11] ENGINE Bus STOPPED
[11/Nov/2011:12:11:11] ENGINE Bus EXITING
[11/Nov/2011:12:11:11] ENGINE Bus EXITED
[11/Nov/2011:12:12:20] ENGINE Restarting because global.conf changed.
[11/Nov/2011:12:12:20] ENGINE Stopped thread 'Autoreloader'.
[11/Nov/2011:12:12:20] ENGINE Bus STOPPING
[11/Nov/2011:12:12:20] ENGINE Bus STOPPING
[11/Nov/2011:12:12:20] ENGINE HTTP Server cherrypy._cpwsgi_server.CPWSGIServer(('localhost', 8000)) shut down
[11/Nov/2011:12:12:20] ENGINE Stopped thread '_TimeoutMonitor'.
[11/Nov/2011:12:12:20] ENGINE Bus STOPPED
[11/Nov/2011:12:12:20] ENGINE Bus EXITING
[11/Nov/2011:12:12:20] ENGINE Bus EXITED
[11/Nov/2011:12:12:20] ENGINE HTTP Server cherrypy._cpwsgi_server.CPWSGIServer(('localhost', 8000)) shut down
[11/Nov/2011:12:12:20] ENGINE No thread running for None.
[11/Nov/2011:12:12:20] ENGINE No thread running for None.
[11/Nov/2011:12:12:20] ENGINE Bus STOPPED
[11/Nov/2011:12:12:20] ENGINE Bus EXITING
[11/Nov/2011:12:12:20] ENGINE Bus EXITED
